<?xml version="1.0" encoding="utf-8"?>
<coverage line-rate="0.2139" branch-rate="0.2645" version="1.9" timestamp="1787449671" lines-covered="300" lines-valid="1402" branches-covered="100" branches-valid="378">
  <sources>
    <source>/home/ubuntu/Projetos/Software/cloud-sync-conflict-doctor/src/</source>
  </sources>
  <packages>
    <package name="Doctor.Gui" line-rate="0" branch-rate="0" complexity="254">
      <classes>
        <class name="Doctor.Gui.App" filename="Doctor.Gui/App.axaml.cs" line-rate="0" branch-rate="0" complexity="3">
          <methods>
            <method name="Initialize" signature="()" line-rate="0" branch-rate="1" complexity="1">
              <lines>
                <line number="9" hits="0" branch="False" />
              </lines>
            </method>
            <method name="OnFrameworkInitializationCompleted" signature="()" line-rate="0" branch-rate="0" complexity="2">
              <lines>
                <line number="12" hits="0" branch="False" />
                <line number="13" hits="0" branch="True" condition-coverage="0% (0/2)">
                  <conditions>
                    <condition number="19" type="jump" coverage="0%" />
                  </conditions>
                </line>
                <line number="14" hits="0" branch="False" />
                <line number="15" hits="0" branch="False" />
                <line number="16" hits="0" branch="False" />
                <line number="17" hits="0" branch="False" />
                <line number="18" hits="0" branch="False" />
                <line number="19" hits="0" branch="False" />
                <line number="21" hits="0" branch="False" />
                <line number="22" hits="0" branch="False" />
              </lines>
            </method>
          </methods>
          <lines>
            <line number="9" hits="0" branch="False" />
            <line number="12" hits="0" branch="False" />
            <line number="13" hits="0" branch="True" condition-coverage="0% (0/2)">
              <conditions>
                <condition number="19" type="jump" coverage="0%" />
              </conditions>
            </line>
            <line number="14" hits="0" branch="False" />
            <line number="15" hits="0" branch="False" />
            <line number="16" hits="0" branch="False" />
            <line number="17" hits="0" branch="False" />
            <line number="18" hits="0" branch="False" />
            <line number="19" hits="0" branch="False" />
            <line number="21" hits="0" branch="False" />
            <line number="22" hits="0" branch="False" />
          </lines>
        </class>
        <class name="Doctor.Gui.App" filename="Doctor.Gui/App.axaml" line-rate="0" branch-rate="0" complexity="2">
          <methods>
            <method name="!XamlIlPopulate" signature="(System.IServiceProvider,Doctor.Gui.App)" line-rate="0" branch-rate="0" complexity="2">
              <lines>
                <line number="1" hits="0" branch="True" condition-coverage="0% (0/2)">
                  <conditions>
                    <condition number="1090" type="jump" coverage="0%" />
                  </conditions>
                </line>
                <line number="4" hits="0" branch="False" />
                <line number="6" hits="0" branch="False" />
                <line number="19" hits="0" branch="False" />
                <line number="20" hits="0" branch="False" />
                <line number="21" hits="0" branch="False" />
                <line number="22" hits="0" branch="False" />
                <line number="23" hits="0" branch="False" />
                <line number="28" hits="0" branch="False" />
                <line number="29" hits="0" branch="False" />
                <line number="30" hits="0" branch="False" />
                <line number="31" hits="0" branch="False" />
                <line number="32" hits="0" branch="False" />
                <line number="36" hits="0" branch="False" />
                <line number="37" hits="0" branch="False" />
                <line number="38" hits="0" branch="False" />
                <line number="39" hits="0" branch="False" />
                <line number="43" hits="0" branch="False" />
                <line number="44" hits="0" branch="False" />
                <line number="45" hits="0" branch="False" />
                <line number="46" hits="0" branch="False" />
                <line number="48" hits="0" branch="False" />
                <line number="49" hits="0" branch="False" />
                <line number="50" hits="0" branch="False" />
              </lines>
            </method>
          </methods>
          <lines>
            <line number="1" hits="0" branch="True" condition-coverage="0% (0/2)">
              <conditions>
                <condition number="1090" type="jump" coverage="0%" />
              </conditions>
            </line>
            <line number="4" hits="0" branch="False" />
            <line number="6" hits="0" branch="False" />
            <line number="19" hits="0" branch="False" />
            <line number="20" hits="0" branch="False" />
            <line number="21" hits="0" branch="False" />
            <line number="22" hits="0" branch="False" />
            <line number="23" hits="0" branch="False" />
            <line number="28" hits="0" branch="False" />
            <line number="29" hits="0" branch="False" />
            <line number="30" hits="0" branch="False" />
            <line number="31" hits="0" branch="False" />
            <line number="32" hits="0" branch="False" />
            <line number="36" hits="0" branch="False" />
            <line number="37" hits="0" branch="False" />
            <line number="38" hits="0" branch="False" />
            <line number="39" hits="0" branch="False" />
            <line number="43" hits="0" branch="False" />
            <line number="44" hits="0" branch="False" />
            <line number="45" hits="0" branch="False" />
            <line number="46" hits="0" branch="False" />
            <line number="48" hits="0" branch="False" />
            <line number="49" hits="0" branch="False" />
            <line number="50" hits="0" branch="False" />
          </lines>
        </class>
        <class name="Doctor.Gui.MainWindow" filename="Doctor.Gui/MainWindow.axaml" line-rate="0" branch-rate="0" complexity="2">
          <methods>
            <method name="!XamlIlPopulate" signature="(System.IServiceProvider,Doctor.Gui.MainWindow)" line-rate="0" branch-rate="0" complexity="2">
              <lines>
                <line number="1" hits="0" branch="True" condition-coverage="0% (0/2)">
                  <conditions>
                    <condition number="9106" type="jump" coverage="0%" />
                  </conditions>
                </line>
                <line number="7" hits="0" branch="False" />
                <line number="8" hits="0" branch="False" />
                <line number="15" hits="0" branch="False" />
                <line number="17" hits="0" branch="False" />
                <line number="20" hits="0" branch="False" />
                <line number="21" hits="0" branch="False" />
                <line number="22" hits="0" branch="False" />
                <line number="23" hits="0" branch="False" />
                <line number="24" hits="0" branch="False" />
                <line number="25" hits="0" branch="False" />
                <line number="27" hits="0" branch="False" />
                <line number="31" hits="0" branch="False" />
                <line number="32" hits="0" branch="False" />
                <line number="33" hits="0" branch="False" />
                <line number="34" hits="0" branch="False" />
                <line number="38" hits="0" branch="False" />
                <line number="39" hits="0" branch="False" />
                <line number="40" hits="0" branch="False" />
                <line number="41" hits="0" branch="False" />
                <line number="42" hits="0" branch="False" />
                <line number="43" hits="0" branch="False" />
                <line number="44" hits="0" branch="False" />
                <line number="45" hits="0" branch="False" />
                <line number="46" hits="0" branch="False" />
                <line number="47" hits="0" branch="False" />
                <line number="48" hits="0" branch="False" />
                <line number="49" hits="0" branch="False" />
                <line number="50" hits="0" branch="False" />
                <line number="51" hits="0" branch="False" />
                <line number="52" hits="0" branch="False" />
                <line number="53" hits="0" branch="False" />
                <line number="54" hits="0" branch="False" />
                <line number="59" hits="0" branch="False" />
                <line number="60" hits="0" branch="False" />
                <line number="61" hits="0" branch="False" />
                <line number="63" hits="0" branch="False" />
                <line number="64" hits="0" branch="False" />
                <line number="82" hits="0" branch="False" />
                <line number="83" hits="0" branch="False" />
                <line number="84" hits="0" branch="False" />
                <line number="89" hits="0" branch="False" />
                <line number="90" hits="0" branch="False" />
                <line number="91" hits="0" branch="False" />
                <line number="93" hits="0" branch="False" />
                <line number="94" hits="0" branch="False" />
                <line number="106" hits="0" branch="False" />
                <line number="110" hits="0" branch="False" />
                <line number="111" hits="0" branch="False" />
                <line number="112" hits="0" branch="False" />
                <line number="113" hits="0" branch="False" />
                <line number="115" hits="0" branch="False" />
                <line number="116" hits="0" branch="False" />
                <line number="128" hits="0" branch="False" />
                <line number="129" hits="0" branch="False" />
                <line number="131" hits="0" branch="False" />
                <line number="132" hits="0" branch="False" />
                <line number="133" hits="0" branch="False" />
                <line number="134" hits="0" branch="False" />
                <line number="139" hits="0" branch="False" />
                <line number="140" hits="0" branch="False" />
                <line number="141" hits="0" branch="False" />
                <line number="142" hits="0" branch="False" />
                <line number="143" hits="0" branch="False" />
                <line number="147" hits="0" branch="False" />
                <line number="148" hits="0" branch="False" />
                <line number="150" hits="0" branch="False" />
                <line number="151" hits="0" branch="False" />
                <line number="159" hits="0" branch="False" />
                <line number="160" hits="0" branch="False" />
                <line number="161" hits="0" branch="False" />
                <line number="162" hits="0" branch="False" />
                <line number="163" hits="0" branch="False" />
                <line number="164" hits="0" branch="False" />
                <line number="169" hits="0" branch="False" />
                <line number="170" hits="0" branch="False" />
                <line number="171" hits="0" branch="False" />
                <line number="172" hits="0" branch="False" />
                <line number="173" hits="0" branch="False" />
                <line number="175" hits="0" branch="False" />
                <line number="176" hits="0" branch="False" />
                <line number="180" hits="0" branch="False" />
                <line number="181" hits="0" branch="False" />
                <line number="182" hits="0" branch="False" />
                <line number="183" hits="0" branch="False" />
                <line number="189" hits="0" branch="False" />
                <line number="190" hits="0" branch="False" />
                <line number="191" hits="0" branch="False" />
                <line number="192" hits="0" branch="False" />
                <line number="193" hits="0" branch="False" />
                <line number="194" hits="0" branch="False" />
                <line number="195" hits="0" branch="False" />
                <line number="196" hits="0" branch="False" />
                <line number="197" hits="0" branch="False" />
                <line number="198" hits="0" branch="False" />
                <line number="199" hits="0" branch="False" />
                <line number="200" hits="0" branch="False" />
                <line number="201" hits="0" branch="False" />
                <line number="204" hits="0" branch="False" />
                <line number="205" hits="0" branch="False" />
                <line number="210" hits="0" branch="False" />
                <line number="211" hits="0" branch="False" />
              </lines>
            </method>
          </methods>
          <lines>
            <line number="1" hits="0" branch="True" condition-coverage="0% (0/2)">
              <conditions>
                <condition number="9106" type="jump" coverage="0%" />
              </conditions>
            </line>
            <line number="7" hits="0" branch="False" />
            <line number="8" hits="0" branch="False" />
            <line number="15" hits="0" branch="False" />
            <line number="17" hits="0" branch="False" />
            <line number="20" hits="0" branch="False" />
            <line number="21" hits="0" branch="False" />
            <line number="22" hits="0" branch="False" />
            <line number="23" hits="0" branch="False" />
            <line number="24" hits="0" branch="False" />
            <line number="25" hits="0" branch="False" />
            <line number="27" hits="0" branch="False" />
            <line number="31" hits="0" branch="False" />
            <line number="32" hits="0" branch="False" />
            <line number="33" hits="0" branch="False" />
            <line number="34" hits="0" branch="False" />
            <line number="38" hits="0" branch="False" />
            <line number="39" hits="0" branch="False" />
            <line number="40" hits="0" branch="False" />
            <line number="41" hits="0" branch="False" />
            <line number="42" hits="0" branch="False" />
            <line number="43" hits="0" branch="False" />
            <line number="44" hits="0" branch="False" />
            <line number="45" hits="0" branch="False" />
            <line number="46" hits="0" branch="False" />
            <line number="47" hits="0" branch="False" />
            <line number="48" hits="0" branch="False" />
            <line number="49" hits="0" branch="False" />
            <line number="50" hits="0" branch="False" />
            <line number="51" hits="0" branch="False" />
            <line number="52" hits="0" branch="False" />
            <line number="53" hits="0" branch="False" />
            <line number="54" hits="0" branch="False" />
            <line number="59" hits="0" branch="False" />
            <line number="60" hits="0" branch="False" />
            <line number="61" hits="0" branch="False" />
            <line number="63" hits="0" branch="False" />
            <line number="64" hits="0" branch="False" />
            <line number="82" hits="0" branch="False" />
            <line number="83" hits="0" branch="False" />
            <line number="84" hits="0" branch="False" />
            <line number="89" hits="0" branch="False" />
            <line number="90" hits="0" branch="False" />
            <line number="91" hits="0" branch="False" />
            <line number="93" hits="0" branch="False" />
            <line number="94" hits="0" branch="False" />
            <line number="106" hits="0" branch="False" />
            <line number="110" hits="0" branch="False" />
            <line number="111" hits="0" branch="False" />
            <line number="112" hits="0" branch="False" />
            <line number="113" hits="0" branch="False" />
            <line number="115" hits="0" branch="False" />
            <line number="116" hits="0" branch="False" />
            <line number="128" hits="0" branch="False" />
            <line number="129" hits="0" branch="False" />
            <line number="131" hits="0" branch="False" />
            <line number="132" hits="0" branch="False" />
            <line number="133" hits="0" branch="False" />
            <line number="134" hits="0" branch="False" />
            <line number="139" hits="0" branch="False" />
            <line number="140" hits="0" branch="False" />
            <line number="141" hits="0" branch="False" />
            <line number="142" hits="0" branch="False" />
            <line number="143" hits="0" branch="False" />
            <line number="147" hits="0" branch="False" />
            <line number="148" hits="0" branch="False" />
            <line number="150" hits="0" branch="False" />
            <line number="151" hits="0" branch="False" />
            <line number="159" hits="0" branch="False" />
            <line number="160" hits="0" branch="False" />
            <line number="161" hits="0" branch="False" />
            <line number="162" hits="0" branch="False" />
            <line number="163" hits="0" branch="False" />
            <line number="164" hits="0" branch="False" />
            <line number="169" hits="0" branch="False" />
            <line number="170" hits="0" branch="False" />
            <line number="171" hits="0" branch="False" />
            <line number="172" hits="0" branch="False" />
            <line number="173" hits="0" branch="False" />
            <line number="175" hits="0" branch="False" />
            <line number="176" hits="0" branch="False" />
            <line number="180" hits="0" branch="False" />
            <line number="181" hits="0" branch="False" />
            <line number="182" hits="0" branch="False" />
            <line number="183" hits="0" branch="False" />
            <line number="189" hits="0" branch="False" />
            <line number="190" hits="0" branch="False" />
            <line number="191" hits="0" branch="False" />
            <line number="192" hits="0" branch="False" />
            <line number="193" hits="0" branch="False" />
            <line number="194" hits="0" branch="False" />
            <line number="195" hits="0" branch="False" />
            <line number="196" hits="0" branch="False" />
            <line number="197" hits="0" branch="False" />
            <line number="198" hits="0" branch="False" />
            <line number="199" hits="0" branch="False" />
            <line number="200" hits="0" branch="False" />
            <line number="201" hits="0" branch="False" />
            <line number="204" hits="0" branch="False" />
            <line number="205" hits="0" branch="False" />
            <line number="210" hits="0" branch="False" />
            <line number="211" hits="0" branch="False" />
          </lines>
        </class>
        <class name="Doctor.Gui.MainWindow/XamlClosure_1" filename="Doctor.Gui/MainWindow.axaml" line-rate="0" branch-rate="1" complexity="4">
          <methods>
            <method name="Build_1" signature="(System.IServiceProvider)" line-rate="0" branch-rate="1" complexity="1">
              <lines>
                <line number="65" hits="0" branch="False" />
                <line number="66" hits="0" branch="False" />
                <line number="67" hits="0" branch="False" />
                <line number="68" hits="0" branch="False" />
                <line number="69" hits="0" branch="False" />
                <line number="70" hits="0" branch="False" />
                <line number="72" hits="0" branch="False" />
                <line number="73" hits="0" branch="False" />
              </lines>
            </method>
            <method name="Build_3" signature="(System.IServiceProvider)" line-rate="0" branch-rate="1" complexity="1">
              <lines>
                <line number="95" hits="0" branch="False" />
                <line number="96" hits="0" branch="False" />
                <line number="97" hits="0" branch="False" />
                <line number="98" hits="0" branch="False" />
                <line number="99" hits="0" branch="False" />
                <line number="100" hits="0" branch="False" />
              </lines>
            </method>
            <method name="Build_4" signature="(System.IServiceProvider)" line-rate="0" branch-rate="1" complexity="1">
              <lines>
                <line number="117" hits="0" branch="False" />
                <line number="118" hits="0" branch="False" />
                <line number="119" hits="0" branch="False" />
                <line number="120" hits="0" branch="False" />
                <line number="121" hits="0" branch="False" />
                <line number="122" hits="0" branch="False" />
              </lines>
            </method>
            <method name="Build_5" signature="(System.IServiceProvider)" line-rate="0" branch-rate="1" complexity="1">
              <lines>
                <line number="152" hits="0" branch="False" />
                <line number="154" hits="0" branch="False" />
              </lines>
            </method>
          </methods>
          <lines>
            <line number="65" hits="0" branch="False" />
            <line number="66" hits="0" branch="False" />
            <line number="67" hits="0" branch="False" />
            <line number="68" hits="0" branch="False" />
            <line number="69" hits="0" branch="False" />
            <line number="70" hits="0" branch="False" />
            <line number="72" hits="0" branch="False" />
            <line number="73" hits="0" branch="False" />
            <line number="95" hits="0" branch="False" />
            <line number="96" hits="0" branch="False" />
            <line number="97" hits="0" branch="False" />
            <line number="98" hits="0" branch="False" />
            <line number="99" hits="0" branch="False" />
            <line number="100" hits="0" branch="False" />
            <line number="117" hits="0" branch="False" />
            <line number="118" hits="0" branch="False" />
            <line number="119" hits="0" branch="False" />
            <line number="120" hits="0" branch="False" />
            <line number="121" hits="0" branch="False" />
            <line number="122" hits="0" branch="False" />
            <line number="152" hits="0" branch="False" />
            <line number="154" hits="0" branch="False" />
          </lines>
        </class>
        <class name="Doctor.Gui.MainWindow" filename="Doctor.Gui/MainWindow.axaml.cs" line-rate="0" branch-rate="1" complexity="1">
          <methods>
            <method name=".ctor" signature="()" line-rate="0" branch-rate="1" complexity="1">
              <lines>
                <line number="7" hits="0" branch="False" />
                <line number="8" hits="0" branch="False" />
                <line number="9" hits="0" branch="False" />
                <line number="10" hits="0" branch="False" />
              </lines>
            </method>
          </methods>
          <lines>
            <line number="7" hits="0" branch="False" />
            <line number="8" hits="0" branch="False" />
            <line number="9" hits="0" branch="False" />
            <line number="10" hits="0" branch="False" />
          </lines>
        </class>
        <class name="Doctor.Gui.Program" filename="Doctor.Gui/Program.cs" line-rate="0" branch-rate="1" complexity="2">
          <methods>
            <method name="Main" signature="(System.String[])" line-rate="0" branch-rate="1" complexity="1">
              <lines>
                <line number="8" hits="0" branch="False" />
                <line number="9" hits="0" branch="False" />
              </lines>
            </method>
            <method name="BuildAvaloniaApp" signature="()" line-rate="0" branch-rate="1" complexity="1">
              <lines>
                <line number="11" hits="0" branch="False" />
                <line number="12" hits="0" branch="False" />
                <line number="13" hits="0" branch="False" />
              </lines>
            </method>
          </methods>
          <lines>
            <line number="8" hits="0" branch="False" />
            <line number="9" hits="0" branch="False" />
            <line number="11" hits="0" branch="False" />
            <line number="12" hits="0" branch="False" />
            <line number="13" hits="0" branch="False" />
          </lines>
        </class>
        <class name="Doctor.Gui.ViewModels.ConfirmationViewModel" filename="Doctor.Gui/ViewModels/ConfirmationViewModel.cs" line-rate="0" branch-rate="0" complexity="5">
          <methods>
            <method name="get_ItemsMovedLabel" signature="()" line-rate="0" branch-rate="1" complexity="1">
              <lines>
                <line number="17" hits="0" branch="False" />
              </lines>
            </method>
            <method name="get_SafetyMessage" signature="()" line-rate="0" branch-rate="0" complexity="2">
              <lines>
                <line number="23" hits="0" branch="True" condition-coverage="0% (0/2)">
                  <conditions>
                    <condition number="6" type="jump" coverage="0%" />
                  </conditions>
                </line>
                <line number="24" hits="0" branch="False" />
                <line number="25" hits="0" branch="False" />
              </lines>
            </method>
            <method name="Complete" signature="(System.Collections.Generic.IReadOnlyList`1&lt;System.String&gt;)" line-rate="0" branch-rate="1" complexity="1">
              <lines>
                <line number="29" hits="0" branch="False" />
                <line number="30" hits="0" branch="False" />
                <line number="31" hits="0" branch="False" />
              </lines>
            </method>
            <method name="OnItemsMovedChanged" signature="(System.Int32)" line-rate="0" branch-rate="1" complexity="1">
              <lines>
                <line number="34" hits="0" branch="False" />
                <line number="35" hits="0" branch="False" />
                <line number="36" hits="0" branch="False" />
                <line number="37" hits="0" branch="False" />
              </lines>
            </method>
          </methods>
          <lines>
            <line number="17" hits="0" branch="False" />
            <line number="23" hits="0" branch="True" condition-coverage="0% (0/2)">
              <conditions>
                <condition number="6" type="jump" coverage="0%" />
              </conditions>
            </line>
            <line number="24" hits="0" branch="False" />
            <line number="25" hits="0" branch="False" />
            <line number="29" hits="0" branch="False" />
            <line number="30" hits="0" branch="False" />
            <line number="31" hits="0" branch="False" />
            <line number="34" hits="0" branch="False" />
            <line number="35" hits="0" branch="False" />
            <line number="36" hits="0" branch="False" />
            <line number="37" hits="0" branch="False" />
          </lines>
        </class>
        <class name="Doctor.Gui.ViewModels.ConflictsViewModel" filename="Doctor.Gui/ViewModels/ConflictsViewModel.cs" line-rate="0" branch-rate="0" complexity="4">
          <methods>
            <method name="get_Groups" signature="()" line-rate="0" branch-rate="0" complexity="4">
              <lines>
                <line number="19" hits="0" branch="True" condition-coverage="0% (0/4)">
                  <conditions>
                    <condition number="6" type="jump" coverage="0%" />
                    <condition number="98" type="jump" coverage="0%" />
                  </conditions>
                </line>
                <line number="20" hits="0" branch="False" />
                <line number="21" hits="0" branch="False" />
              </lines>
            </method>
          </methods>
          <lines>
            <line number="19" hits="0" branch="True" condition-coverage="0% (0/4)">
              <conditions>
                <condition number="6" type="jump" coverage="0%" />
                <condition number="98" type="jump" coverage="0%" />
              </conditions>
            </line>
            <line number="20" hits="0" branch="False" />
            <line number="21" hits="0" branch="False" />
          </lines>
        </class>
        <class name="Doctor.Gui.ViewModels.ConflictGroupRow" filename="Doctor.Gui/ViewModels/ConflictsViewModel.cs" line-rate="0" branch-rate="1" complexity="8">
          <methods>
            <method name="get_Group" signature="()" line-rate="0" branch-rate="1" complexity="1">
              <lines>
                <line number="31" hits="0" branch="False" />
              </lines>
            </method>
            <method name="get_BaseName" signature="()" line-rate="0" branch-rate="1" complexity="1">
              <lines>
                <line number="33" hits="0" branch="False" />
              </lines>
            </method>
            <method name="get_VersionCount" signature="()" line-rate="0" branch-rate="1" complexity="1">
              <lines>
                <line number="36" hits="0" branch="False" />
              </lines>
            </method>
            <method name="get_TotalSizeLabel" signature="()" line-rate="0" branch-rate="1" complexity="1">
              <lines>
                <line number="39" hits="0" branch="False" />
              </lines>
            </method>
            <method name="get_SuggestedKeepPath" signature="()" line-rate="0" branch-rate="1" complexity="1">
              <lines>
                <line number="45" hits="0" branch="False" />
              </lines>
            </method>
            <method name="get_BytesToQuarantine" signature="()" line-rate="0" branch-rate="1" complexity="1">
              <lines>
                <line number="52" hits="0" branch="False" />
              </lines>
            </method>
            <method name="SuggestedKeep" signature="()" line-rate="0" branch-rate="1" complexity="1">
              <lines>
                <line number="55" hits="0" branch="False" />
                <line number="56" hits="0" branch="False" />
                <line number="57" hits="0" branch="False" />
                <line number="58" hits="0" branch="False" />
                <line number="59" hits="0" branch="False" />
                <line number="60" hits="0" branch="False" />
              </lines>
            </method>
            <method name=".ctor" signature="(Doctor.Gui.Engine.ConflictGroup)" line-rate="0" branch-rate="1" complexity="1">
              <lines>
                <line number="29" hits="0" branch="False" />
              </lines>
            </method>
          </methods>
          <lines>
            <line number="31" hits="0" branch="False" />
            <line number="33" hits="0" branch="False" />
            <line number="36" hits="0" branch="False" />
            <line number="39" hits="0" branch="False" />
            <line number="45" hits="0" branch="False" />
            <line number="52" hits="0" branch="False" />
            <line number="55" hits="0" branch="False" />
            <line number="56" hits="0" branch="False" />
            <line number="57" hits="0" branch="False" />
            <line number="58" hits="0" branch="False" />
            <line number="59" hits="0" branch="False" />
            <line number="60" hits="0" branch="False" />
            <line number="29" hits="0" branch="False" />
          </lines>
        </class>
        <class name="Doctor.Gui.ViewModels.DuplicatesViewModel" filename="Doctor.Gui/ViewModels/DuplicatesViewModel.cs" line-rate="0" branch-rate="0" complexity="7">
          <methods>
            <method name="get_Groups" signature="()" line-rate="0" branch-rate="0" complexity="4">
              <lines>
                <line number="19" hits="0" branch="True" condition-coverage="0% (0/4)">
                  <conditions>
                    <condition number="6" type="jump" coverage="0%" />
                    <condition number="98" type="jump" coverage="0%" />
                  </conditions>
                </line>
                <line number="20" hits="0" branch="False" />
                <line number="21" hits="0" branch="False" />
              </lines>
            </method>
            <method name="get_RedundantCopies" signature="()" line-rate="0" branch-rate="0" complexity="2">
              <lines>
                <line number="24" hits="0" branch="True" condition-coverage="0% (0/2)">
                  <conditions>
                    <condition number="7" type="jump" coverage="0%" />
                  </conditions>
                </line>
              </lines>
            </method>
            <method name="get_RedundantCopiesLabel" signature="()" line-rate="0" branch-rate="1" complexity="1">
              <lines>
                <line number="28" hits="0" branch="False" />
              </lines>
            </method>
          </methods>
          <lines>
            <line number="19" hits="0" branch="True" condition-coverage="0% (0/4)">
              <conditions>
                <condition number="6" type="jump" coverage="0%" />
                <condition number="98" type="jump" coverage="0%" />
              </conditions>
            </line>
            <line number="20" hits="0" branch="False" />
            <line number="21" hits="0" branch="False" />
            <line number="24" hits="0" branch="True" condition-coverage="0% (0/2)">
              <conditions>
                <condition number="7" type="jump" coverage="0%" />
              </conditions>
            </line>
            <line number="28" hits="0" branch="False" />
          </lines>
        </class>
        <class name="Doctor.Gui.ViewModels.DuplicateGroupRow" filename="Doctor.Gui/ViewModels/DuplicatesViewModel.cs" line-rate="0" branch-rate="1" complexity="5">
          <methods>
            <method name="get_Group" signature="()" line-rate="0" branch-rate="1" complexity="1">
              <lines>
                <line number="38" hits="0" branch="False" />
              </lines>
            </method>
            <method name="get_KeptPath" signature="()" line-rate="0" branch-rate="1" complexity="1">
              <lines>
                <line number="41" hits="0" branch="False" />
              </lines>
            </method>
            <method name="get_SizeLabel" signature="()" line-rate="0" branch-rate="1" complexity="1">
              <lines>
                <line number="44" hits="0" branch="False" />
              </lines>
            </method>
            <method name="get_HashLabel" signature="()" line-rate="0" branch-rate="1" complexity="1">
              <lines>
                <line number="47" hits="0" branch="False" />
              </lines>
            </method>
            <method name=".ctor" signature="(Doctor.Gui.Engine.DuplicateGroup)" line-rate="0" branch-rate="1" complexity="1">
              <lines>
                <line number="36" hits="0" branch="False" />
              </lines>
            </method>
          </methods>
          <lines>
            <line number="38" hits="0" branch="False" />
            <line number="41" hits="0" branch="False" />
            <line number="44" hits="0" branch="False" />
            <line number="47" hits="0" branch="False" />
            <line number="36" hits="0" branch="False" />
          </lines>
        </class>
        <class name="Doctor.Gui.ViewModels.MainWindowViewModel" filename="Doctor.Gui/ViewModels/MainWindowViewModel.cs" line-rate="0" branch-rate="0" complexity="83">
          <methods>
            <method name="get_Quarantine" signature="()" line-rate="0" branch-rate="1" complexity="1">
              <lines>
                <line number="69" hits="0" branch="False" />
              </lines>
            </method>
            <method name="get_Confirmation" signature="()" line-rate="0" branch-rate="1" complexity="1">
              <lines>
                <line number="72" hits="0" branch="False" />
              </lines>
            </method>
            <method name="Mapear" signature="(Doctor.Gui.Flow.FlowScreen)" line-rate="0" branch-rate="0" complexity="10">
              <lines>
                <line number="92" hits="0" branch="True" condition-coverage="0% (0/10)">
                  <conditions>
                    <condition number="5" type="switch" coverage="0%" />
                  </conditions>
                </line>
                <line number="93" hits="0" branch="False" />
                <line number="94" hits="0" branch="False" />
                <line number="95" hits="0" branch="False" />
                <line number="96" hits="0" branch="False" />
                <line number="97" hits="0" branch="False" />
                <line number="98" hits="0" branch="False" />
                <line number="99" hits="0" branch="False" />
                <line number="100" hits="0" branch="False" />
                <line number="101" hits="0" branch="False" />
                <line number="102" hits="0" branch="False" />
                <line number="103" hits="0" branch="False" />
                <line number="104" hits="0" branch="False" />
              </lines>
            </method>
            <method name="EspelharGuardas" signature="()" line-rate="0" branch-rate="1" complexity="1">
              <lines>
                <line number="114" hits="0" branch="False" />
                <line number="115" hits="0" branch="False" />
                <line number="116" hits="0" branch="False" />
                <line number="117" hits="0" branch="False" />
                <line number="118" hits="0" branch="False" />
                <line number="119" hits="0" branch="False" />
              </lines>
            </method>
            <method name="get_EstrategiasResolucao" signature="()" line-rate="0" branch-rate="1" complexity="1">
              <lines>
                <line number="126" hits="0" branch="False" />
              </lines>
            </method>
            <method name="get_RegraDeEmpate" signature="()" line-rate="0" branch-rate="1" complexity="1">
              <lines>
                <line number="135" hits="0" branch="False" />
              </lines>
            </method>
            <method name="get_AncoraDemo" signature="()" line-rate="0" branch-rate="1" complexity="1">
              <lines>
                <line number="143" hits="0" branch="False" />
              </lines>
            </method>
            <method name="CaminhoQuarentenaPrevisto" signature="()" line-rate="0" branch-rate="1" complexity="1">
              <lines>
                <line number="148" hits="0" branch="False" />
                <line number="149" hits="0" branch="False" />
                <line number="150" hits="0" branch="False" />
                <line number="151" hits="0" branch="False" />
              </lines>
            </method>
            <method name="get_OperationIdPrevisto" signature="()" line-rate="0" branch-rate="1" complexity="1">
              <lines>
                <line number="158" hits="0" branch="False" />
                <line number="159" hits="0" branch="False" />
                <line number="160" hits="0" branch="False" />
                <line number="161" hits="0" branch="False" />
                <line number="162" hits="0" branch="False" />
                <line number="163" hits="0" branch="False" />
                <line number="164" hits="0" branch="False" />
              </lines>
            </method>
            <method name="get_ConfirmacaoContagemItens" signature="()" line-rate="0" branch-rate="1" complexity="1">
              <lines>
                <line number="168" hits="0" branch="False" />
              </lines>
            </method>
            <method name="get_CaminhoQuarentenaPrevistoLabel" signature="()" line-rate="0" branch-rate="1" complexity="1">
              <lines>
                <line number="172" hits="0" branch="False" />
              </lines>
            </method>
            <method name="get_SummaryFilesFound" signature="()" line-rate="0" branch-rate="0" complexity="2">
              <lines>
                <line number="179" hits="0" branch="True" condition-coverage="0% (0/2)">
                  <conditions>
                    <condition number="7" type="jump" coverage="0%" />
                  </conditions>
                </line>
              </lines>
            </method>
            <method name="get_SummaryIdenticalDuplicates" signature="()" line-rate="0" branch-rate="0" complexity="2">
              <lines>
                <line number="182" hits="0" branch="True" condition-coverage="0% (0/2)">
                  <conditions>
                    <condition number="7" type="jump" coverage="0%" />
                  </conditions>
                </line>
              </lines>
            </method>
            <method name="get_SummaryRealConflicts" signature="()" line-rate="0" branch-rate="0" complexity="2">
              <lines>
                <line number="185" hits="0" branch="True" condition-coverage="0% (0/2)">
                  <conditions>
                    <condition number="7" type="jump" coverage="0%" />
                  </conditions>
                </line>
              </lines>
            </method>
            <method name="get_SummaryPlaceholdersIgnored" signature="()" line-rate="0" branch-rate="0" complexity="2">
              <lines>
                <line number="188" hits="0" branch="True" condition-coverage="0% (0/2)">
                  <conditions>
                    <condition number="7" type="jump" coverage="0%" />
                  </conditions>
                </line>
              </lines>
            </method>
            <method name="get_SummaryRecoverableSpace" signature="()" line-rate="0" branch-rate="0" complexity="2">
              <lines>
                <line number="190" hits="0" branch="True" condition-coverage="0% (0/2)">
                  <conditions>
                    <condition number="7" type="jump" coverage="0%" />
                  </conditions>
                </line>
              </lines>
            </method>
            <method name="get_HasResults" signature="()" line-rate="0" branch-rate="1" complexity="1">
              <lines>
                <line number="192" hits="0" branch="False" />
              </lines>
            </method>
            <method name="get_ShowChooseFolder" signature="()" line-rate="0" branch-rate="1" complexity="1">
              <lines>
                <line number="196" hits="0" branch="False" />
              </lines>
            </method>
            <method name="get_ShowScanning" signature="()" line-rate="0" branch-rate="1" complexity="1">
              <lines>
                <line number="197" hits="0" branch="False" />
              </lines>
            </method>
            <method name="get_ShowSummary" signature="()" line-rate="0" branch-rate="1" complexity="1">
              <lines>
                <line number="198" hits="0" branch="False" />
              </lines>
            </method>
            <method name="get_ShowDuplicates" signature="()" line-rate="0" branch-rate="1" complexity="1">
              <lines>
                <line number="199" hits="0" branch="False" />
              </lines>
            </method>
            <method name="get_ShowConflicts" signature="()" line-rate="0" branch-rate="1" complexity="1">
              <lines>
                <line number="200" hits="0" branch="False" />
              </lines>
            </method>
            <method name="get_ShowCompare" signature="()" line-rate="0" branch-rate="1" complexity="1">
              <lines>
                <line number="201" hits="0" branch="False" />
              </lines>
            </method>
            <method name="get_ShowChooseAction" signature="()" line-rate="0" branch-rate="1" complexity="1">
              <lines>
                <line number="202" hits="0" branch="False" />
              </lines>
            </method>
            <method name="get_ShowQuarantine" signature="()" line-rate="0" branch-rate="1" complexity="1">
              <lines>
                <line number="203" hits="0" branch="False" />
              </lines>
            </method>
            <method name="get_ShowConfirmation" signature="()" line-rate="0" branch-rate="1" complexity="1">
              <lines>
                <line number="204" hits="0" branch="False" />
              </lines>
            </method>
            <method name="FormatBytes" signature="(System.Int64)" line-rate="0" branch-rate="0" complexity="6">
              <lines>
                <line number="230" hits="0" branch="True" condition-coverage="0% (0/6)">
                  <conditions>
                    <condition number="11" type="jump" coverage="0%" />
                    <condition number="20" type="jump" coverage="0%" />
                    <condition number="31" type="jump" coverage="0%" />
                  </conditions>
                </line>
                <line number="231" hits="0" branch="False" />
                <line number="232" hits="0" branch="False" />
                <line number="233" hits="0" branch="False" />
                <line number="234" hits="0" branch="False" />
                <line number="235" hits="0" branch="False" />
                <line number="236" hits="0" branch="False" />
              </lines>
            </method>
            <method name="ComVirgula" signature="(System.Double)" line-rate="0" branch-rate="1" complexity="1">
              <lines>
                <line number="239" hits="0" branch="False" />
              </lines>
            </method>
            <method name="Navegar" signature="(Doctor.Gui.Flow.FlowTrigger)" line-rate="0" branch-rate="1" complexity="1">
              <lines>
                <line number="248" hits="0" branch="False" />
                <line number="249" hits="0" branch="False" />
                <line number="250" hits="0" branch="False" />
                <line number="251" hits="0" branch="False" />
                <line number="252" hits="0" branch="False" />
              </lines>
            </method>
            <method name="StartScan" signature="()" line-rate="0" branch-rate="1" complexity="1">
              <lines>
                <line number="256" hits="0" branch="False" />
                <line number="258" hits="0" branch="False" />
                <line number="261" hits="0" branch="False" />
                <line number="262" hits="0" branch="False" />
                <line number="263" hits="0" branch="False" />
                <line number="264" hits="0" branch="False" />
                <line number="265" hits="0" branch="False" />
                <line number="268" hits="0" branch="False" />
                <line number="270" hits="0" branch="False" />
                <line number="271" hits="0" branch="False" />
                <line number="273" hits="0" branch="False" />
                <line number="274" hits="0" branch="False" />
                <line number="275" hits="0" branch="False" />
                <line number="276" hits="0" branch="False" />
              </lines>
            </method>
            <method name="SuggestVersionToKeep" signature="(Doctor.Gui.Engine.ConflictGroup)" line-rate="0" branch-rate="0" complexity="2">
              <lines>
                <line number="281" hits="0" branch="True" condition-coverage="0% (0/2)">
                  <conditions>
                    <condition number="1" type="jump" coverage="0%" />
                  </conditions>
                </line>
                <line number="282" hits="0" branch="False" />
                <line number="283" hits="0" branch="False" />
                <line number="284" hits="0" branch="False" />
                <line number="285" hits="0" branch="False" />
                <line number="286" hits="0" branch="False" />
              </lines>
            </method>
            <method name="OpenDuplicates" signature="()" line-rate="0" branch-rate="1" complexity="1">
              <lines>
                <line number="290" hits="0" branch="False" />
                <line number="291" hits="0" branch="False" />
                <line number="292" hits="0" branch="False" />
                <line number="293" hits="0" branch="False" />
                <line number="294" hits="0" branch="False" />
              </lines>
            </method>
            <method name="OpenConflicts" signature="()" line-rate="0" branch-rate="1" complexity="1">
              <lines>
                <line number="298" hits="0" branch="False" />
                <line number="299" hits="0" branch="False" />
                <line number="300" hits="0" branch="False" />
                <line number="301" hits="0" branch="False" />
                <line number="302" hits="0" branch="False" />
              </lines>
            </method>
            <method name="CompareConflict" signature="(Doctor.Gui.Engine.ConflictGroup)" line-rate="0" branch-rate="0" complexity="4">
              <lines>
                <line number="307" hits="0" branch="False" />
                <line number="308" hits="0" branch="True" condition-coverage="0% (0/4)">
                  <conditions>
                    <condition number="3" type="jump" coverage="0%" />
                    <condition number="13" type="jump" coverage="0%" />
                  </conditions>
                </line>
                <line number="310" hits="0" branch="False" />
                <line number="311" hits="0" branch="False" />
                <line number="312" hits="0" branch="False" />
                <line number="314" hits="0" branch="False" />
                <line number="315" hits="0" branch="False" />
                <line number="316" hits="0" branch="False" />
                <line number="317" hits="0" branch="False" />
              </lines>
            </method>
            <method name="QueueOtherVersionsForQuarantine" signature="()" line-rate="0" branch-rate="0" complexity="8">
              <lines>
                <line number="325" hits="0" branch="False" />
                <line number="326" hits="0" branch="True" condition-coverage="0% (0/4)">
                  <conditions>
                    <condition number="7" type="jump" coverage="0%" />
                    <condition number="23" type="jump" coverage="0%" />
                  </conditions>
                </line>
                <line number="327" hits="0" branch="False" />
                <line number="328" hits="0" branch="False" />
                <line number="331" hits="0" branch="True" condition-coverage="0% (0/2)">
                  <conditions>
                    <condition number="102" type="jump" coverage="0%" />
                  </conditions>
                </line>
                <line number="332" hits="0" branch="False" />
                <line number="333" hits="0" branch="True" condition-coverage="0% (0/2)">
                  <conditions>
                    <condition number="73" type="jump" coverage="0%" />
                  </conditions>
                </line>
                <line number="334" hits="0" branch="False" />
                <line number="335" hits="0" branch="False" />
                <line number="336" hits="0" branch="False" />
                <line number="337" hits="0" branch="False" />
                <line number="339" hits="0" branch="False" />
                <line number="340" hits="0" branch="False" />
                <line number="341" hits="0" branch="False" />
                <line number="342" hits="0" branch="False" />
              </lines>
            </method>
            <method name="HasQuarantineItems" signature="()" line-rate="0" branch-rate="1" complexity="1">
              <lines>
                <line number="344" hits="0" branch="False" />
              </lines>
            </method>
            <method name="ConfirmQuarantine" signature="()" line-rate="0" branch-rate="1" complexity="1">
              <lines>
                <line number="350" hits="0" branch="False" />
                <line number="351" hits="0" branch="False" />
                <line number="352" hits="0" branch="False" />
                <line number="354" hits="0" branch="False" />
                <line number="355" hits="0" branch="False" />
                <line number="356" hits="0" branch="False" />
              </lines>
            </method>
            <method name="OpenConfirmationFromQuarantine" signature="()" line-rate="0" branch-rate="1" complexity="1">
              <lines>
                <line number="360" hits="0" branch="False" />
                <line number="361" hits="0" branch="False" />
                <line number="362" hits="0" branch="False" />
                <line number="363" hits="0" branch="False" />
                <line number="364" hits="0" branch="False" />
              </lines>
            </method>
            <method name="Restart" signature="()" line-rate="0" branch-rate="1" complexity="1">
              <lines>
                <line number="368" hits="0" branch="False" />
                <line number="370" hits="0" branch="False" />
                <line number="373" hits="0" branch="False" />
                <line number="374" hits="0" branch="False" />
                <line number="375" hits="0" branch="False" />
                <line number="376" hits="0" branch="False" />
                <line number="377" hits="0" branch="False" />
                <line number="378" hits="0" branch="False" />
                <line number="379" hits="0" branch="False" />
                <line number="380" hits="0" branch="False" />
              </lines>
            </method>
            <method name="GoBack" signature="()" line-rate="0" branch-rate="0" complexity="4">
              <lines>
                <line number="392" hits="0" branch="False" />
                <line number="393" hits="0" branch="False" />
                <line number="395" hits="0" branch="True" condition-coverage="0% (0/2)">
                  <conditions>
                    <condition number="26" type="jump" coverage="0%" />
                  </conditions>
                </line>
                <line number="396" hits="0" branch="False" />
                <line number="397" hits="0" branch="False" />
                <line number="400" hits="0" branch="False" />
                <line number="401" hits="0" branch="False" />
                <line number="403" hits="0" branch="True" condition-coverage="0% (0/2)">
                  <conditions>
                    <condition number="63" type="jump" coverage="0%" />
                  </conditions>
                </line>
                <line number="404" hits="0" branch="False" />
                <line number="409" hits="0" branch="False" />
                <line number="410" hits="0" branch="False" />
                <line number="412" hits="0" branch="False" />
                <line number="413" hits="0" branch="False" />
              </lines>
            </method>
            <method name="OnCurrentScreenChanged" signature="(Doctor.Gui.ViewModels.MainWindowViewModel/Screen)" line-rate="0" branch-rate="1" complexity="1">
              <lines>
                <line number="207" hits="0" branch="False" />
                <line number="208" hits="0" branch="False" />
                <line number="209" hits="0" branch="False" />
                <line number="210" hits="0" branch="False" />
                <line number="211" hits="0" branch="False" />
                <line number="212" hits="0" branch="False" />
                <line number="213" hits="0" branch="False" />
                <line number="214" hits="0" branch="False" />
                <line number="215" hits="0" branch="False" />
                <line number="216" hits="0" branch="False" />
                <line number="217" hits="0" branch="False" />
              </lines>
            </method>
            <method name="OnReportChanged" signature="(Doctor.Gui.Engine.ScanReport)" line-rate="0" branch-rate="1" complexity="1">
              <lines>
                <line number="220" hits="0" branch="False" />
                <line number="221" hits="0" branch="False" />
                <line number="222" hits="0" branch="False" />
                <line number="223" hits="0" branch="False" />
                <line number="224" hits="0" branch="False" />
                <line number="225" hits="0" branch="False" />
                <line number="226" hits="0" branch="False" />
                <line number="227" hits="0" branch="False" />
              </lines>
            </method>
            <method name="&lt;.ctor&gt;b__15_0" signature="(System.Object,System.ComponentModel.PropertyChangedEventArgs)" line-rate="0" branch-rate="0" complexity="6">
              <lines>
                <line number="81" hits="0" branch="False" />
                <line number="82" hits="0" branch="True" condition-coverage="0% (0/6)">
                  <conditions>
                    <condition number="19" type="jump" coverage="0%" />
                    <condition number="32" type="jump" coverage="0%" />
                    <condition number="45" type="jump" coverage="0%" />
                  </conditions>
                </line>
                <line number="83" hits="0" branch="False" />
                <line number="84" hits="0" branch="False" />
                <line number="85" hits="0" branch="False" />
                <line number="86" hits="0" branch="False" />
                <line number="87" hits="0" branch="False" />
                <line number="88" hits="0" branch="False" />
              </lines>
            </method>
            <method name=".ctor" signature="(Doctor.Gui.Engine.IScanEngine)" line-rate="0" branch-rate="1" complexity="1">
              <lines>
                <line number="32" hits="0" branch="False" />
                <line number="48" hits="0" branch="False" />
                <line number="54" hits="0" branch="False" />
                <line number="74" hits="0" branch="False" />
                <line number="75" hits="0" branch="False" />
                <line number="76" hits="0" branch="False" />
                <line number="80" hits="0" branch="False" />
                <line number="89" hits="0" branch="False" />
              </lines>
            </method>
            <method name=".cctor" signature="()" line-rate="0" branch-rate="1" complexity="1">
              <lines>
                <line number="127" hits="0" branch="False" />
                <line number="128" hits="0" branch="False" />
                <line number="129" hits="0" branch="False" />
                <line number="130" hits="0" branch="False" />
                <line number="131" hits="0" branch="False" />
                <line number="132" hits="0" branch="False" />
                <line number="144" hits="0" branch="False" />
              </lines>
            </method>
          </methods>
          <lines>
            <line number="69" hits="0" branch="False" />
            <line number="72" hits="0" branch="False" />
            <line number="92" hits="0" branch="True" condition-coverage="0% (0/10)">
              <conditions>
                <condition number="5" type="switch" coverage="0%" />
              </conditions>
            </line>
            <line number="93" hits="0" branch="False" />
            <line number="94" hits="0" branch="False" />
            <line number="95" hits="0" branch="False" />
            <line number="96" hits="0" branch="False" />
            <line number="97" hits="0" branch="False" />
            <line number="98" hits="0" branch="False" />
            <line number="99" hits="0" branch="False" />
            <line number="100" hits="0" branch="False" />
            <line number="101" hits="0" branch="False" />
            <line number="102" hits="0" branch="False" />
            <line number="103" hits="0" branch="False" />
            <line number="104" hits="0" branch="False" />
            <line number="114" hits="0" branch="False" />
            <line number="115" hits="0" branch="False" />
            <line number="116" hits="0" branch="False" />
            <line number="117" hits="0" branch="False" />
            <line number="118" hits="0" branch="False" />
            <line number="119" hits="0" branch="False" />
            <line number="126" hits="0" branch="False" />
            <line number="135" hits="0" branch="False" />
            <line number="143" hits="0" branch="False" />
            <line number="148" hits="0" branch="False" />
            <line number="149" hits="0" branch="False" />
            <line number="150" hits="0" branch="False" />
            <line number="151" hits="0" branch="False" />
            <line number="158" hits="0" branch="False" />
            <line number="159" hits="0" branch="False" />
            <line number="160" hits="0" branch="False" />
            <line number="161" hits="0" branch="False" />
            <line number="162" hits="0" branch="False" />
            <line number="163" hits="0" branch="False" />
            <line number="164" hits="0" branch="False" />
            <line number="168" hits="0" branch="False" />
            <line number="172" hits="0" branch="False" />
            <line number="179" hits="0" branch="True" condition-coverage="0% (0/2)">
              <conditions>
                <condition number="7" type="jump" coverage="0%" />
              </conditions>
            </line>
            <line number="182" hits="0" branch="True" condition-coverage="0% (0/2)">
              <conditions>
                <condition number="7" type="jump" coverage="0%" />
              </conditions>
            </line>
            <line number="185" hits="0" branch="True" condition-coverage="0% (0/2)">
              <conditions>
                <condition number="7" type="jump" coverage="0%" />
              </conditions>
            </line>
            <line number="188" hits="0" branch="True" condition-coverage="0% (0/2)">
              <conditions>
                <condition number="7" type="jump" coverage="0%" />
              </conditions>
            </line>
            <line number="190" hits="0" branch="True" condition-coverage="0% (0/2)">
              <conditions>
                <condition number="7" type="jump" coverage="0%" />
              </conditions>
            </line>
            <line number="192" hits="0" branch="False" />
            <line number="196" hits="0" branch="False" />
            <line number="197" hits="0" branch="False" />
            <line number="198" hits="0" branch="False" />
            <line number="199" hits="0" branch="False" />
            <line number="200" hits="0" branch="False" />
            <line number="201" hits="0" branch="False" />
            <line number="202" hits="0" branch="False" />
            <line number="203" hits="0" branch="False" />
            <line number="204" hits="0" branch="False" />
            <line number="230" hits="0" branch="True" condition-coverage="0% (0/6)">
              <conditions>
                <condition number="11" type="jump" coverage="0%" />
                <condition number="20" type="jump" coverage="0%" />
                <condition number="31" type="jump" coverage="0%" />
              </conditions>
            </line>
            <line number="231" hits="0" branch="False" />
            <line number="232" hits="0" branch="False" />
            <line number="233" hits="0" branch="False" />
            <line number="234" hits="0" branch="False" />
            <line number="235" hits="0" branch="False" />
            <line number="236" hits="0" branch="False" />
            <line number="239" hits="0" branch="False" />
            <line number="248" hits="0" branch="False" />
            <line number="249" hits="0" branch="False" />
            <line number="250" hits="0" branch="False" />
            <line number="251" hits="0" branch="False" />
            <line number="252" hits="0" branch="False" />
            <line number="256" hits="0" branch="False" />
            <line number="258" hits="0" branch="False" />
            <line number="261" hits="0" branch="False" />
            <line number="262" hits="0" branch="False" />
            <line number="263" hits="0" branch="False" />
            <line number="264" hits="0" branch="False" />
            <line number="265" hits="0" branch="False" />
            <line number="268" hits="0" branch="False" />
            <line number="270" hits="0" branch="False" />
            <line number="271" hits="0" branch="False" />
            <line number="273" hits="0" branch="False" />
            <line number="274" hits="0" branch="False" />
            <line number="275" hits="0" branch="False" />
            <line number="276" hits="0" branch="False" />
            <line number="281" hits="0" branch="True" condition-coverage="0% (0/2)">
              <conditions>
                <condition number="1" type="jump" coverage="0%" />
              </conditions>
            </line>
            <line number="282" hits="0" branch="False" />
            <line number="283" hits="0" branch="False" />
            <line number="284" hits="0" branch="False" />
            <line number="285" hits="0" branch="False" />
            <line number="286" hits="0" branch="False" />
            <line number="290" hits="0" branch="False" />
            <line number="291" hits="0" branch="False" />
            <line number="292" hits="0" branch="False" />
            <line number="293" hits="0" branch="False" />
            <line number="294" hits="0" branch="False" />
            <line number="298" hits="0" branch="False" />
            <line number="299" hits="0" branch="False" />
            <line number="300" hits="0" branch="False" />
            <line number="301" hits="0" branch="False" />
            <line number="302" hits="0" branch="False" />
            <line number="307" hits="0" branch="False" />
            <line number="308" hits="0" branch="True" condition-coverage="0% (0/4)">
              <conditions>
                <condition number="3" type="jump" coverage="0%" />
                <condition number="13" type="jump" coverage="0%" />
              </conditions>
            </line>
            <line number="310" hits="0" branch="False" />
            <line number="311" hits="0" branch="False" />
            <line number="312" hits="0" branch="False" />
            <line number="314" hits="0" branch="False" />
            <line number="315" hits="0" branch="False" />
            <line number="316" hits="0" branch="False" />
            <line number="317" hits="0" branch="False" />
            <line number="325" hits="0" branch="False" />
            <line number="326" hits="0" branch="True" condition-coverage="0% (0/4)">
              <conditions>
                <condition number="7" type="jump" coverage="0%" />
                <condition number="23" type="jump" coverage="0%" />
              </conditions>
            </line>
            <line number="327" hits="0" branch="False" />
            <line number="328" hits="0" branch="False" />
            <line number="331" hits="0" branch="True" condition-coverage="0% (0/2)">
              <conditions>
                <condition number="102" type="jump" coverage="0%" />
              </conditions>
            </line>
            <line number="332" hits="0" branch="False" />
            <line number="333" hits="0" branch="True" condition-coverage="0% (0/2)">
              <conditions>
                <condition number="73" type="jump" coverage="0%" />
              </conditions>
            </line>
            <line number="334" hits="0" branch="False" />
            <line number="335" hits="0" branch="False" />
            <line number="336" hits="0" branch="False" />
            <line number="337" hits="0" branch="False" />
            <line number="339" hits="0" branch="False" />
            <line number="340" hits="0" branch="False" />
            <line number="341" hits="0" branch="False" />
            <line number="342" hits="0" branch="False" />
            <line number="344" hits="0" branch="False" />
            <line number="350" hits="0" branch="False" />
            <line number="351" hits="0" branch="False" />
            <line number="352" hits="0" branch="False" />
            <line number="354" hits="0" branch="False" />
            <line number="355" hits="0" branch="False" />
            <line number="356" hits="0" branch="False" />
            <line number="360" hits="0" branch="False" />
            <line number="361" hits="0" branch="False" />
            <line number="362" hits="0" branch="False" />
            <line number="363" hits="0" branch="False" />
            <line number="364" hits="0" branch="False" />
            <line number="368" hits="0" branch="False" />
            <line number="370" hits="0" branch="False" />
            <line number="373" hits="0" branch="False" />
            <line number="374" hits="0" branch="False" />
            <line number="375" hits="0" branch="False" />
            <line number="376" hits="0" branch="False" />
            <line number="377" hits="0" branch="False" />
            <line number="378" hits="0" branch="False" />
            <line number="379" hits="0" branch="False" />
            <line number="380" hits="0" branch="False" />
            <line number="392" hits="0" branch="False" />
            <line number="393" hits="0" branch="False" />
            <line number="395" hits="0" branch="True" condition-coverage="0% (0/2)">
              <conditions>
                <condition number="26" type="jump" coverage="0%" />
              </conditions>
            </line>
            <line number="396" hits="0" branch="False" />
            <line number="397" hits="0" branch="False" />
            <line number="400" hits="0" branch="False" />
            <line number="401" hits="0" branch="False" />
            <line number="403" hits="0" branch="True" condition-coverage="0% (0/2)">
              <conditions>
                <condition number="63" type="jump" coverage="0%" />
              </conditions>
            </line>
            <line number="404" hits="0" branch="False" />
            <line number="409" hits="0" branch="False" />
            <line number="410" hits="0" branch="False" />
            <line number="412" hits="0" branch="False" />
            <line number="413" hits="0" branch="False" />
            <line number="207" hits="0" branch="False" />
            <line number="208" hits="0" branch="False" />
            <line number="209" hits="0" branch="False" />
            <line number="210" hits="0" branch="False" />
            <line number="211" hits="0" branch="False" />
            <line number="212" hits="0" branch="False" />
            <line number="213" hits="0" branch="False" />
            <line number="214" hits="0" branch="False" />
            <line number="215" hits="0" branch="False" />
            <line number="216" hits="0" branch="False" />
            <line number="217" hits="0" branch="False" />
            <line number="220" hits="0" branch="False" />
            <line number="221" hits="0" branch="False" />
            <line number="222" hits="0" branch="False" />
            <line number="223" hits="0" branch="False" />
            <line number="224" hits="0" branch="False" />
            <line number="225" hits="0" branch="False" />
            <line number="226" hits="0" branch="False" />
            <line number="227" hits="0" branch="False" />
            <line number="81" hits="0" branch="False" />
            <line number="82" hits="0" branch="True" condition-coverage="0% (0/6)">
              <conditions>
                <condition number="19" type="jump" coverage="0%" />
                <condition number="32" type="jump" coverage="0%" />
                <condition number="45" type="jump" coverage="0%" />
              </conditions>
            </line>
            <line number="83" hits="0" branch="False" />
            <line number="84" hits="0" branch="False" />
            <line number="85" hits="0" branch="False" />
            <line number="86" hits="0" branch="False" />
            <line number="87" hits="0" branch="False" />
            <line number="88" hits="0" branch="False" />
            <line number="32" hits="0" branch="False" />
            <line number="48" hits="0" branch="False" />
            <line number="54" hits="0" branch="False" />
            <line number="74" hits="0" branch="False" />
            <line number="75" hits="0" branch="False" />
            <line number="76" hits="0" branch="False" />
            <line number="80" hits="0" branch="False" />
            <line number="89" hits="0" branch="False" />
            <line number="127" hits="0" branch="False" />
            <line number="128" hits="0" branch="False" />
            <line number="129" hits="0" branch="False" />
            <line number="130" hits="0" branch="False" />
            <line number="131" hits="0" branch="False" />
            <line number="132" hits="0" branch="False" />
            <line number="144" hits="0" branch="False" />
          </lines>
        </class>
        <class name="Doctor.Gui.ViewModels.QuarantineViewModel" filename="Doctor.Gui/ViewModels/QuarantineViewModel.cs" line-rate="0" branch-rate="0" complexity="10">
          <methods>
            <method name="get_Paths" signature="()" line-rate="0" branch-rate="1" complexity="1">
              <lines>
                <line number="14" hits="0" branch="False" />
              </lines>
            </method>
            <method name="get_Count" signature="()" line-rate="0" branch-rate="1" complexity="1">
              <lines>
                <line number="16" hits="0" branch="False" />
              </lines>
            </method>
            <method name="get_HasItems" signature="()" line-rate="0" branch-rate="1" complexity="1">
              <lines>
                <line number="18" hits="0" branch="False" />
              </lines>
            </method>
            <method name="get_CountLabel" signature="()" line-rate="0" branch-rate="1" complexity="1">
              <lines>
                <line number="21" hits="0" branch="False" />
              </lines>
            </method>
            <method name="Queue" signature="(System.String)" line-rate="0" branch-rate="0" complexity="4">
              <lines>
                <line number="25" hits="0" branch="False" />
                <line number="26" hits="0" branch="True" condition-coverage="0% (0/4)">
                  <conditions>
                    <condition number="7" type="jump" coverage="0%" />
                    <condition number="29" type="jump" coverage="0%" />
                  </conditions>
                </line>
                <line number="27" hits="0" branch="False" />
                <line number="28" hits="0" branch="False" />
                <line number="29" hits="0" branch="False" />
                <line number="30" hits="0" branch="False" />
                <line number="31" hits="0" branch="False" />
              </lines>
            </method>
            <method name="Clear" signature="()" line-rate="0" branch-rate="1" complexity="1">
              <lines>
                <line number="35" hits="0" branch="False" />
                <line number="36" hits="0" branch="False" />
                <line number="37" hits="0" branch="False" />
                <line number="38" hits="0" branch="False" />
              </lines>
            </method>
            <method name="NotificarContagens" signature="()" line-rate="0" branch-rate="1" complexity="1">
              <lines>
                <line number="41" hits="0" branch="False" />
                <line number="42" hits="0" branch="False" />
                <line number="43" hits="0" branch="False" />
                <line number="44" hits="0" branch="False" />
                <line number="45" hits="0" branch="False" />
              </lines>
            </method>
          </methods>
          <lines>
            <line number="14" hits="0" branch="False" />
            <line number="16" hits="0" branch="False" />
            <line number="18" hits="0" branch="False" />
            <line number="21" hits="0" branch="False" />
            <line number="25" hits="0" branch="False" />
            <line number="26" hits="0" branch="True" condition-coverage="0% (0/4)">
              <conditions>
                <condition number="7" type="jump" coverage="0%" />
                <condition number="29" type="jump" coverage="0%" />
              </conditions>
            </line>
            <line number="27" hits="0" branch="False" />
            <line number="28" hits="0" branch="False" />
            <line number="29" hits="0" branch="False" />
            <line number="30" hits="0" branch="False" />
            <line number="31" hits="0" branch="False" />
            <line number="35" hits="0" branch="False" />
            <line number="36" hits="0" branch="False" />
            <line number="37" hits="0" branch="False" />
            <line number="38" hits="0" branch="False" />
            <line number="41" hits="0" branch="False" />
            <line number="42" hits="0" branch="False" />
            <line number="43" hits="0" branch="False" />
            <line number="44" hits="0" branch="False" />
            <line number="45" hits="0" branch="False" />
          </lines>
        </class>
        <class name="Doctor.Gui.ViewModels.SummaryViewModel" filename="Doctor.Gui/ViewModels/SummaryViewModel.cs" line-rate="0" branch-rate="0" complexity="17">
          <methods>
            <method name="get_FilesFound" signature="()" line-rate="0" branch-rate="0" complexity="2">
              <lines>
                <line number="21" hits="0" branch="True" condition-coverage="0% (0/2)">
                  <conditions>
                    <condition number="7" type="jump" coverage="0%" />
                  </conditions>
                </line>
              </lines>
            </method>
            <method name="get_IdenticalDuplicates" signature="()" line-rate="0" branch-rate="0" complexity="2">
              <lines>
                <line number="25" hits="0" branch="True" condition-coverage="0% (0/2)">
                  <conditions>
                    <condition number="7" type="jump" coverage="0%" />
                  </conditions>
                </line>
              </lines>
            </method>
            <method name="get_RealConflicts" signature="()" line-rate="0" branch-rate="0" complexity="2">
              <lines>
                <line number="29" hits="0" branch="True" condition-coverage="0% (0/2)">
                  <conditions>
                    <condition number="7" type="jump" coverage="0%" />
                  </conditions>
                </line>
              </lines>
            </method>
            <method name="get_PlaceholdersIgnored" signature="()" line-rate="0" branch-rate="0" complexity="2">
              <lines>
                <line number="33" hits="0" branch="True" condition-coverage="0% (0/2)">
                  <conditions>
                    <condition number="7" type="jump" coverage="0%" />
                  </conditions>
                </line>
[...]
              </lines>
            </method>
          </methods>
          <lines>
            <line number="79" hits="4" branch="False" />
            <line number="80" hits="4" branch="False" />
            <line number="83" hits="4" branch="True" condition-coverage="50% (1/2)">
              <conditions>
                <condition number="44" type="jump" coverage="50%" />
              </conditions>
            </line>
            <line number="84" hits="4" branch="False" />
            <line number="85" hits="4" branch="False" />
            <line number="88" hits="4" branch="False" />
            <line number="92" hits="4" branch="False" />
            <line number="94" hits="4" branch="False" />
            <line number="95" hits="4" branch="False" />
            <line number="98" hits="28" branch="True" condition-coverage="100% (2/2)">
              <conditions>
                <condition number="603" type="jump" coverage="100%" />
              </conditions>
            </line>
            <line number="99" hits="8" branch="False" />
            <line number="100" hits="8" branch="False" />
            <line number="102" hits="8" branch="True" condition-coverage="100% (2/2)">
              <conditions>
                <condition number="208" type="jump" coverage="100%" />
              </conditions>
            </line>
            <line number="103" hits="32" branch="False" />
            <line number="104" hits="8" branch="False" />
            <line number="109" hits="8" branch="False" />
            <line number="110" hits="16" branch="False" />
            <line number="111" hits="16" branch="False" />
            <line number="113" hits="8" branch="True" condition-coverage="50% (1/2)">
              <conditions>
                <condition number="356" type="jump" coverage="50%" />
              </conditions>
            </line>
            <line number="114" hits="0" branch="False" />
            <line number="115" hits="0" branch="False" />
            <line number="122" hits="8" branch="False" />
            <line number="123" hits="48" branch="True" condition-coverage="100% (2/2)">
              <conditions>
                <condition number="576" type="jump" coverage="100%" />
              </conditions>
            </line>
            <line number="124" hits="16" branch="False" />
            <line number="125" hits="16" branch="False" />
            <line number="126" hits="32" branch="False" />
            <line number="127" hits="16" branch="False" />
            <line number="129" hits="8" branch="False" />
            <line number="130" hits="8" branch="False" />
            <line number="132" hits="4" branch="False" />
            <line number="133" hits="4" branch="False" />
            <line number="135" hits="4" branch="False" />
            <line number="136" hits="4" branch="False" />
            <line number="148" hits="8" branch="False" />
            <line number="149" hits="24" branch="False" />
            <line number="151" hits="8" branch="True" condition-coverage="100% (2/2)">
              <conditions>
                <condition number="63" type="jump" coverage="100%" />
              </conditions>
            </line>
            <line number="152" hits="4" branch="False" />
            <line number="153" hits="4" branch="False" />
            <line number="154" hits="4" branch="False" />
            <line number="155" hits="4" branch="False" />
            <line number="156" hits="12" branch="False" />
            <line number="157" hits="4" branch="False" />
            <line number="159" hits="4" branch="False" />
            <line number="160" hits="4" branch="False" />
            <line number="161" hits="4" branch="False" />
            <line number="162" hits="4" branch="False" />
            <line number="163" hits="12" branch="False" />
            <line number="164" hits="4" branch="False" />
            <line number="165" hits="8" branch="False" />
            <line number="173" hits="16" branch="True" condition-coverage="50% (1/2)">
              <conditions>
                <condition number="6" type="jump" coverage="50%" />
              </conditions>
            </line>
            <line number="174" hits="16" branch="False" />
            <line number="175" hits="16" branch="False" />
            <line number="183" hits="32" branch="False" />
            <line number="184" hits="32" branch="True" condition-coverage="50% (2/4)">
              <conditions>
                <condition number="7" type="jump" coverage="50%" />
                <condition number="20" type="jump" coverage="50%" />
              </conditions>
            </line>
            <line number="185" hits="0" branch="False" />
            <line number="186" hits="0" branch="False" />
            <line number="189" hits="32" branch="False" />
            <line number="190" hits="32" branch="False" />
            <line number="65" hits="4" branch="False" />
            <line number="66" hits="4" branch="False" />
            <line number="67" hits="4" branch="True" condition-coverage="50% (1/2)">
              <conditions>
                <condition number="11" type="jump" coverage="50%" />
              </conditions>
            </line>
            <line number="68" hits="4" branch="True" condition-coverage="50% (1/2)">
              <conditions>
                <condition number="33" type="jump" coverage="50%" />
              </conditions>
            </line>
            <line number="69" hits="4" branch="False" />
            <line number="70" hits="4" branch="True" condition-coverage="100% (2/2)">
              <conditions>
                <condition number="62" type="jump" coverage="100%" />
              </conditions>
            </line>
            <line number="71" hits="4" branch="False" />
          </lines>
        </class>
        <class name="Doctor.Core.ScanPipeline/RejectingStreamSource" filename="Doctor.Core/ScanPipeline.cs" line-rate="0" branch-rate="1" complexity="1">
          <methods>
            <method name="OpenRead" signature="(Doctor.Core.FileEntry)" line-rate="0" branch-rate="1" complexity="1">
              <lines>
                <line number="200" hits="0" branch="False" />
              </lines>
            </method>
          </methods>
          <lines>
            <line number="200" hits="0" branch="False" />
          </lines>
        </class>
        <class name="Doctor.Core.SidecarPlaceholderEnumerator" filename="Doctor.Core/SidecarPlaceholderEnumerator.cs" line-rate="0" branch-rate="0" complexity="16">
          <methods>
            <method name="Enumerate" signature="(System.String,System.Threading.CancellationToken)" line-rate="0" branch-rate="0" complexity="6">
              <lines>
                <line number="27" hits="0" branch="False" />
                <line number="28" hits="0" branch="False" />
                <line number="30" hits="0" branch="False" />
                <line number="31" hits="0" branch="True" condition-coverage="0% (0/2)">
                  <conditions>
                    <condition number="171" type="jump" coverage="0%" />
                  </conditions>
                </line>
                <line number="32" hits="0" branch="False" />
                <line number="33" hits="0" branch="False" />
                <line number="35" hits="0" branch="True" condition-coverage="0% (0/2)">
                  <conditions>
                    <condition number="86" type="jump" coverage="0%" />
                  </conditions>
                </line>
                <line number="36" hits="0" branch="False" />
                <line number="37" hits="0" branch="False" />
                <line number="40" hits="0" branch="False" />
                <line number="41" hits="0" branch="True" condition-coverage="0% (0/2)">
                  <conditions>
                    <condition number="118" type="jump" coverage="0%" />
                  </conditions>
                </line>
                <line number="42" hits="0" branch="False" />
                <line number="43" hits="0" branch="False" />
                <line number="44" hits="0" branch="False" />
                <line number="47" hits="0" branch="False" />
                <line number="48" hits="0" branch="False" />
                <line number="49" hits="0" branch="False" />
                <line number="50" hits="0" branch="False" />
                <line number="51" hits="0" branch="False" />
                <line number="53" hits="0" branch="False" />
                <line number="54" hits="0" branch="False" />
              </lines>
            </method>
            <method name="KindDoSidecar" signature="(System.String)" line-rate="0" branch-rate="0" complexity="8">
              <lines>
                <line number="60" hits="0" branch="False" />
                <line number="62" hits="0" branch="False" />
                <line number="63" hits="0" branch="False" />
                <line number="64" hits="0" branch="True" condition-coverage="0% (0/2)">
                  <conditions>
                    <condition number="45" type="jump" coverage="0%" />
                  </conditions>
                </line>
                <line number="65" hits="0" branch="False" />
                <line number="66" hits="0" branch="False" />
                <line number="67" hits="0" branch="True" condition-coverage="0% (0/6)">
                  <conditions>
                    <condition number="73" type="jump" coverage="0%" />
                    <condition number="86" type="jump" coverage="0%" />
                    <condition number="99" type="jump" coverage="0%" />
                  </conditions>
                </line>
                <line number="68" hits="0" branch="False" />
                <line number="69" hits="0" branch="False" />
                <line number="70" hits="0" branch="False" />
                <line number="71" hits="0" branch="False" />
                <line number="72" hits="0" branch="False" />
                <line number="73" hits="0" branch="False" />
                <line number="75" hits="0" branch="False" />
                <line number="76" hits="0" branch="False" />
                <line number="77" hits="0" branch="False" />
                <line number="79" hits="0" branch="False" />
              </lines>
            </method>
            <method name=".ctor" signature="(Doctor.Core.IFileEnumerator)" line-rate="0" branch-rate="0" complexity="2">
              <lines>
                <line number="23" hits="0" branch="False" />
                <line number="24" hits="0" branch="True" condition-coverage="0% (0/2)">
                  <conditions>
                    <condition number="10" type="jump" coverage="0%" />
                  </conditions>
                </line>
              </lines>
            </method>
          </methods>
          <lines>
            <line number="27" hits="0" branch="False" />
            <line number="28" hits="0" branch="False" />
            <line number="30" hits="0" branch="False" />
            <line number="31" hits="0" branch="True" condition-coverage="0% (0/2)">
              <conditions>
                <condition number="171" type="jump" coverage="0%" />
              </conditions>
            </line>
            <line number="32" hits="0" branch="False" />
            <line number="33" hits="0" branch="False" />
            <line number="35" hits="0" branch="True" condition-coverage="0% (0/2)">
              <conditions>
                <condition number="86" type="jump" coverage="0%" />
              </conditions>
            </line>
            <line number="36" hits="0" branch="False" />
            <line number="37" hits="0" branch="False" />
            <line number="40" hits="0" branch="False" />
            <line number="41" hits="0" branch="True" condition-coverage="0% (0/2)">
              <conditions>
                <condition number="118" type="jump" coverage="0%" />
              </conditions>
            </line>
            <line number="42" hits="0" branch="False" />
            <line number="43" hits="0" branch="False" />
            <line number="44" hits="0" branch="False" />
            <line number="47" hits="0" branch="False" />
            <line number="48" hits="0" branch="False" />
            <line number="49" hits="0" branch="False" />
            <line number="50" hits="0" branch="False" />
            <line number="51" hits="0" branch="False" />
            <line number="53" hits="0" branch="False" />
            <line number="54" hits="0" branch="False" />
            <line number="60" hits="0" branch="False" />
            <line number="62" hits="0" branch="False" />
            <line number="63" hits="0" branch="False" />
            <line number="64" hits="0" branch="True" condition-coverage="0% (0/2)">
              <conditions>
                <condition number="45" type="jump" coverage="0%" />
              </conditions>
            </line>
            <line number="65" hits="0" branch="False" />
            <line number="66" hits="0" branch="False" />
            <line number="67" hits="0" branch="True" condition-coverage="0% (0/6)">
              <conditions>
                <condition number="73" type="jump" coverage="0%" />
                <condition number="86" type="jump" coverage="0%" />
                <condition number="99" type="jump" coverage="0%" />
              </conditions>
            </line>
            <line number="68" hits="0" branch="False" />
            <line number="69" hits="0" branch="False" />
            <line number="70" hits="0" branch="False" />
            <line number="71" hits="0" branch="False" />
            <line number="72" hits="0" branch="False" />
            <line number="73" hits="0" branch="False" />
            <line number="75" hits="0" branch="False" />
            <line number="76" hits="0" branch="False" />
            <line number="77" hits="0" branch="False" />
            <line number="79" hits="0" branch="False" />
            <line number="23" hits="0" branch="False" />
            <line number="24" hits="0" branch="True" condition-coverage="0% (0/2)">
              <conditions>
                <condition number="10" type="jump" coverage="0%" />
              </conditions>
            </line>
          </lines>
        </class>
        <class name="Doctor.Core.ScanTelemetry" filename="Doctor.Core/Telemetry.cs" line-rate="0.1304" branch-rate="1" complexity="10">
          <methods>
            <method name="get_FilesEnumerated" signature="()" line-rate="1" branch-rate="1" complexity="1">
              <lines>
                <line number="23" hits="8" branch="False" />
              </lines>
            </method>
            <method name="get_FilesSkipped" signature="()" line-rate="0" branch-rate="1" complexity="1">
              <lines>
                <line number="26" hits="0" branch="False" />
              </lines>
            </method>
            <method name="get_FilesPlaceholder" signature="()" line-rate="1" branch-rate="1" complexity="1">
              <lines>
                <line number="29" hits="8" branch="False" />
              </lines>
            </method>
            <method name="get_FilesPartialHashed" signature="()" line-rate="0" branch-rate="1" complexity="1">
              <lines>
                <line number="32" hits="0" branch="False" />
              </lines>
            </method>
            <method name="get_FilesFullHashed" signature="()" line-rate="0" branch-rate="1" complexity="1">
              <lines>
                <line number="35" hits="0" branch="False" />
              </lines>
            </method>
            <method name="get_BytesRead" signature="()" line-rate="0" branch-rate="1" complexity="1">
              <lines>
                <line number="38" hits="0" branch="False" />
              </lines>
            </method>
            <method name="get_BytesReadPartial" signature="()" line-rate="0" branch-rate="1" complexity="1">
              <lines>
                <line number="41" hits="0" branch="False" />
              </lines>
            </method>
            <method name="get_BytesReadFull" signature="()" line-rate="0" branch-rate="1" complexity="1">
              <lines>
                <line number="44" hits="0" branch="False" />
              </lines>
            </method>
            <method name="get_PlaceholderBytesRead" signature="()" line-rate="1" branch-rate="1" complexity="1">
              <lines>
                <line number="47" hits="8" branch="False" />
              </lines>
            </method>
            <method name="Merge" signature="(Doctor.Core.ScanTelemetry)" line-rate="0" branch-rate="1" complexity="1">
              <lines>
                <line number="55" hits="0" branch="False" />
                <line number="56" hits="0" branch="False" />
                <line number="57" hits="0" branch="False" />
                <line number="58" hits="0" branch="False" />
                <line number="59" hits="0" branch="False" />
                <line number="60" hits="0" branch="False" />
                <line number="61" hits="0" branch="False" />
                <line number="62" hits="0" branch="False" />
                <line number="63" hits="0" branch="False" />
                <line number="64" hits="0" branch="False" />
                <line number="65" hits="0" branch="False" />
                <line number="66" hits="0" branch="False" />
                <line number="67" hits="0" branch="False" />
                <line number="68" hits="0" branch="False" />
              </lines>
            </method>
          </methods>
          <lines>
            <line number="23" hits="8" branch="False" />
            <line number="26" hits="0" branch="False" />
            <line number="29" hits="8" branch="False" />
            <line number="32" hits="0" branch="False" />
            <line number="35" hits="0" branch="False" />
            <line number="38" hits="0" branch="False" />
            <line number="41" hits="0" branch="False" />
            <line number="44" hits="0" branch="False" />
            <line number="47" hits="8" branch="False" />
            <line number="55" hits="0" branch="False" />
            <line number="56" hits="0" branch="False" />
            <line number="57" hits="0" branch="False" />
            <line number="58" hits="0" branch="False" />
            <line number="59" hits="0" branch="False" />
            <line number="60" hits="0" branch="False" />
            <line number="61" hits="0" branch="False" />
            <line number="62" hits="0" branch="False" />
            <line number="63" hits="0" branch="False" />
            <line number="64" hits="0" branch="False" />
            <line number="65" hits="0" branch="False" />
            <line number="66" hits="0" branch="False" />
            <line number="67" hits="0" branch="False" />
            <line number="68" hits="0" branch="False" />
          </lines>
        </class>
        <class name="Doctor.Core.WindowsNativeEnumerator" filename="Doctor.Core/WindowsNativeEnumerator.cs" line-rate="0" branch-rate="1" complexity="1">
          <methods>
            <method name="Enumerate" signature="(System.String,System.Threading.CancellationToken)" line-rate="0" branch-rate="1" complexity="1">
              <lines>
                <line number="33" hits="0" branch="False" />
                <line number="34" hits="0" branch="False" />
                <line number="35" hits="0" branch="False" />
              </lines>
            </method>
          </methods>
          <lines>
            <line number="33" hits="0" branch="False" />
            <line number="34" hits="0" branch="False" />
            <line number="35" hits="0" branch="False" />
          </lines>
        </class>
      </classes>
    </package>
  </packages>
</coverage>