<?xml version="1.0" encoding="utf-8"?>
<coverage line-rate="0.8445" branch-rate="0.7981" version="1.9" timestamp="1787486323" lines-covered="1750" lines-valid="2072" branches-covered="439" branches-valid="550">
  <sources>
    <source>/home/ubuntu/Projetos/Software/cloud-sync-conflict-doctor/.worktrees/t_c894ff83/src/</source>
  </sources>
  <packages>
    <package name="conflictdoctor" line-rate="0.7848" branch-rate="0.7757999999999999" complexity="65">
      <classes>
        <class name="Doctor.Cli.FileStreamSource" filename="Doctor.Cli/FileStreamSource.cs" line-rate="1" branch-rate="1" complexity="1">
          <methods>
            <method name="OpenRead" signature="(Doctor.Core.FileEntry)" line-rate="1" branch-rate="1" complexity="1">
              <lines>
                <line number="13" hits="14" branch="False" />
              </lines>
            </method>
          </methods>
          <lines>
            <line number="13" hits="14" branch="False" />
          </lines>
        </class>
        <class name="Doctor.Cli.Program" filename="Doctor.Cli/Program.cs" line-rate="0" branch-rate="0" complexity="8">
          <methods>
            <method name="Main" signature="(System.String[])" line-rate="0" branch-rate="0" complexity="8">
              <lines>
                <line number="28" hits="0" branch="False" />
                <line number="30" hits="0" branch="True" condition-coverage="0% (0/2)">
                  <conditions>
                    <condition number="8" type="jump" coverage="0%" />
                  </conditions>
                </line>
                <line number="31" hits="0" branch="False" />
                <line number="32" hits="0" branch="False" />
                <line number="33" hits="0" branch="False" />
                <line number="36" hits="0" branch="False" />
                <line number="41" hits="0" branch="True" condition-coverage="0% (0/2)">
                  <conditions>
                    <condition number="52" type="jump" coverage="0%" />
                  </conditions>
                </line>
                <line number="42" hits="0" branch="False" />
                <line number="43" hits="0" branch="False" />
                <line number="44" hits="0" branch="False" />
                <line number="45" hits="0" branch="True" condition-coverage="0% (0/2)">
                  <conditions>
                    <condition number="93" type="jump" coverage="0%" />
                  </conditions>
                </line>
                <line number="46" hits="0" branch="False" />
                <line number="47" hits="0" branch="True" condition-coverage="0% (0/2)">
                  <conditions>
                    <condition number="103" type="jump" coverage="0%" />
                  </conditions>
                </line>
                <line number="48" hits="0" branch="False" />
                <line number="49" hits="0" branch="False" />
                <line number="51" hits="0" branch="False" />
                <line number="52" hits="0" branch="False" />
              </lines>
            </method>
          </methods>
          <lines>
            <line number="28" hits="0" branch="False" />
            <line number="30" hits="0" branch="True" condition-coverage="0% (0/2)">
              <conditions>
                <condition number="8" type="jump" coverage="0%" />
              </conditions>
            </line>
            <line number="31" hits="0" branch="False" />
            <line number="32" hits="0" branch="False" />
            <line number="33" hits="0" branch="False" />
            <line number="36" hits="0" branch="False" />
            <line number="41" hits="0" branch="True" condition-coverage="0% (0/2)">
              <conditions>
                <condition number="52" type="jump" coverage="0%" />
              </conditions>
            </line>
            <line number="42" hits="0" branch="False" />
            <line number="43" hits="0" branch="False" />
            <line number="44" hits="0" branch="False" />
            <line number="45" hits="0" branch="True" condition-coverage="0% (0/2)">
              <conditions>
                <condition number="93" type="jump" coverage="0%" />
              </conditions>
            </line>
            <line number="46" hits="0" branch="False" />
            <line number="47" hits="0" branch="True" condition-coverage="0% (0/2)">
              <conditions>
                <condition number="103" type="jump" coverage="0%" />
              </conditions>
            </line>
            <line number="48" hits="0" branch="False" />
            <line number="49" hits="0" branch="False" />
            <line number="51" hits="0" branch="False" />
            <line number="52" hits="0" branch="False" />
          </lines>
        </class>
        <class name="Doctor.Cli.ReplayMarkedEnumerator" filename="Doctor.Cli/ReplayMarkedEnumerator.cs" line-rate="1" branch-rate="1" complexity="2">
          <methods>
            <method name="Enumerate" signature="(System.String,System.Threading.CancellationToken)" line-rate="1" branch-rate="1" complexity="1">
              <lines>
                <line number="19" hits="11" branch="False" />
              </lines>
            </method>
            <method name=".ctor" signature="(System.Collections.Generic.IReadOnlyList`1&lt;Doctor.Core.FileEntry&gt;)" line-rate="1" branch-rate="1" complexity="1">
              <lines>
                <line number="16" hits="22" branch="False" />
              </lines>
            </method>
          </methods>
          <lines>
            <line number="19" hits="11" branch="False" />
            <line number="16" hits="22" branch="False" />
          </lines>
        </class>
        <class name="Doctor.Cli.CliResult" filename="Doctor.Cli/ScanCommand.cs" line-rate="1" branch-rate="1" complexity="1">
          <methods>
            <method name="get_ExitCode" signature="()" line-rate="1" branch-rate="1" complexity="1">
              <lines>
                <line number="16" hits="52" branch="False" />
              </lines>
            </method>
          </methods>
          <lines>
            <line number="16" hits="52" branch="False" />
          </lines>
        </class>
        <class name="Doctor.Cli.ScanCommand" filename="Doctor.Cli/ScanCommand.cs" line-rate="0.8759" branch-rate="0.9" complexity="53">
          <methods>
            <method name="get_DefaultEnumeration" signature="()" line-rate="1" branch-rate="1" complexity="1">
              <lines>
                <line number="37" hits="17" branch="False" />
              </lines>
            </method>
            <method name="Run" signature="(System.String[])" line-rate="0.8478" branch-rate="0.9545" complexity="22">
              <lines>
                <line number="42" hits="17" branch="False" />
                <line number="45" hits="17" branch="True" condition-coverage="100% (4/4)">
                  <conditions>
                    <condition number="3" type="jump" coverage="100%" />
                    <condition number="27" type="jump" coverage="100%" />
                  </conditions>
                </line>
                <line number="46" hits="2" branch="False" />
                <line number="47" hits="2" branch="False" />
                <line number="50" hits="15" branch="False" />
                <line number="51" hits="15" branch="False" />
                <line number="52" hits="15" branch="False" />
                <line number="54" hits="72" branch="True" condition-coverage="100% (2/2)">
                  <conditions>
                    <condition number="212" type="jump" coverage="100%" />
                  </conditions>
                </line>
                <line number="55" hits="22" branch="False" />
                <line number="56" hits="22" branch="False" />
                <line number="58" hits="22" branch="True" condition-coverage="100% (2/2)">
                  <conditions>
                    <condition number="85" type="jump" coverage="100%" />
                  </conditions>
                </line>
                <line number="59" hits="6" branch="False" />
                <line number="60" hits="6" branch="False" />
                <line number="61" hits="6" branch="False" />
                <line number="62" hits="16" branch="True" condition-coverage="100% (2/2)">
                  <conditions>
                    <condition number="110" type="jump" coverage="100%" />
                  </conditions>
                </line>
                <line number="63" hits="1" branch="False" />
                <line number="64" hits="1" branch="False" />
                <line number="65" hits="1" branch="False" />
                <line number="66" hits="15" branch="True" condition-coverage="100% (6/6)">
                  <conditions>
                    <condition number="131" type="jump" coverage="100%" />
                    <condition number="134" type="jump" coverage="100%" />
                    <condition number="155" type="jump" coverage="100%" />
                  </conditions>
                </line>
                <line number="67" hits="15" branch="False" />
                <line number="68" hits="15" branch="False" />
                <line number="69" hits="14" branch="False" />
                <line number="70" hits="14" branch="False" />
                <line number="71" hits="14" branch="False" />
                <line number="73" hits="1" branch="False" />
                <line number="74" hits="1" branch="False" />
                <line number="76" hits="21" branch="False" />
                <line number="78" hits="14" branch="True" condition-coverage="100% (2/2)">
                  <conditions>
                    <condition number="225" type="jump" coverage="100%" />
                  </conditions>
                </line>
                <line number="79" hits="1" branch="False" />
                <line number="80" hits="1" branch="False" />
                <line number="83" hits="13" branch="True" condition-coverage="100% (2/2)">
                  <conditions>
                    <condition number="258" type="jump" coverage="100%" />
                  </conditions>
                </line>
                <line number="84" hits="2" branch="False" />
                <line number="85" hits="2" branch="False" />
                <line number="86" hits="2" branch="True" condition-coverage="50% (1/2)">
                  <conditions>
                    <condition number="281" type="jump" coverage="50%" />
                  </conditions>
                </line>
                <line number="87" hits="2" branch="False" />
                <line number="88" hits="2" branch="False" />
                <line number="92" hits="11" branch="False" />
                <line number="93" hits="11" branch="False" />
                <line number="95" hits="0" branch="False" />
                <line number="96" hits="0" branch="False" />
                <line number="97" hits="0" branch="False" />
                <line number="99" hits="0" branch="False" />
                <line number="100" hits="0" branch="False" />
                <line number="101" hits="0" branch="False" />
                <line number="103" hits="0" branch="False" />
                <line number="105" hits="17" branch="False" />
              </lines>
            </method>
            <method name="ExecutarScan" signature="(System.String,System.Boolean,System.Boolean)" line-rate="1" branch-rate="1" complexity="10">
              <lines>
                <line number="108" hits="11" branch="False" />
                <line number="109" hits="11" branch="False" />
                <line number="112" hits="11" branch="False" />
                <line number="120" hits="11" branch="False" />
                <line number="121" hits="11" branch="False" />
                <line number="122" hits="11" branch="False" />
                <line number="123" hits="11" branch="False" />
                <line number="129" hits="11" branch="False" />
                <line number="130" hits="7" branch="False" />
                <line number="131" hits="7" branch="False" />
                <line number="132" hits="11" branch="False" />
                <line number="135" hits="11" branch="False" />
                <line number="136" hits="18" branch="False" />
                <line number="137" hits="3" branch="False" />
                <line number="138" hits="11" branch="False" />
                <line number="140" hits="11" branch="False" />
                <line number="141" hits="11" branch="False" />
                <line number="142" hits="11" branch="False" />
                <line number="143" hits="11" branch="False" />
                <line number="144" hits="11" branch="False" />
                <line number="145" hits="11" branch="False" />
                <line number="146" hits="11" branch="False" />
                <line number="147" hits="11" branch="False" />
                <line number="149" hits="11" branch="False" />
                <line number="150" hits="11" branch="False" />
                <line number="153" hits="11" branch="False" />
                <line number="154" hits="11" branch="False" />
                <line number="157" hits="11" branch="True" condition-coverage="100% (4/4)">
                  <conditions>
                    <condition number="427" type="jump" coverage="100%" />
                    <condition number="441" type="jump" coverage="100%" />
                  </conditions>
                </line>
                <line number="158" hits="1" branch="False" />
                <line number="159" hits="1" branch="False" />
                <line number="160" hits="1" branch="False" />
                <line number="161" hits="10" branch="True" condition-coverage="100% (2/2)">
                  <conditions>
                    <condition number="459" type="jump" coverage="100%" />
                  </conditions>
                </line>
                <line number="162" hits="6" branch="False" />
                <line number="163" hits="6" branch="False" />
                <line number="164" hits="6" branch="False" />
                <line number="166" hits="4" branch="False" />
                <line number="167" hits="4" branch="False" />
                <line number="168" hits="4" branch="False" />
                <line number="170" hits="11" branch="True" condition-coverage="100% (2/2)">
                  <conditions>
                    <condition number="478" type="jump" coverage="100%" />
                  </conditions>
                </line>
                <line number="171" hits="6" branch="False" />
                <line number="172" hits="6" branch="False" />
                <line number="173" hits="6" branch="False" />
                <line number="174" hits="6" branch="False" />
                <line number="177" hits="5" branch="True" condition-coverage="100% (2/2)">
                  <conditions>
                    <condition number="556" type="jump" coverage="100%" />
                  </conditions>
                </line>
                <line number="178" hits="5" branch="False" />
                <line number="179" hits="5" branch="False" />
                <line number="180" hits="11" branch="False" />
              </lines>
            </method>
            <method name="BytesParciais" signature="(Doctor.Core.FileEntry)" line-rate="1" branch-rate="1" complexity="2">
              <lines>
                <line number="185" hits="14" branch="True" condition-coverage="100% (2/2)">
                  <conditions>
                    <condition number="12" type="jump" coverage="100%" />
                  </conditions>
                </line>
                <line number="186" hits="14" branch="False" />
                <line number="187" hits="14" branch="False" />
              </lines>
            </method>
            <method name="Operacional" signature="(System.String)" line-rate="1" branch-rate="1" complexity="1">
              <lines>
                <line number="190" hits="6" branch="False" />
              </lines>
            </method>
            <method name="FormatTexto" signature="(Doctor.Core.ScanResult,System.Collections.Generic.IReadOnlyList`1&lt;Doctor.Core.PlaceholderRecord&gt;,System.Collections.Generic.IReadOnlyList`1&lt;Doctor.Core.ScanError&gt;,System.Int32)" line-rate="0.7297" branch-rate="0.75" complexity="16">
              <lines>
                <line number="197" hits="4" branch="False" />
                <line number="198" hits="4" branch="False" />
                <line number="199" hits="4" branch="False" />
                <line number="201" hits="16" branch="True" condition-coverage="100% (2/2)">
                  <conditions>
                    <condition number="333" type="jump" coverage="100%" />
                  </conditions>
                </line>
                <line number="202" hits="2" branch="False" />
                <line number="203" hits="2" branch="False" />
                <line number="204" hits="14" branch="True" condition-coverage="100% (2/2)">
                  <conditions>
                    <condition number="308" type="jump" coverage="100%" />
                  </conditions>
                </line>
                <line number="205" hits="4" branch="False" />
                <line number="206" hits="4" branch="False" />
                <line number="207" hits="4" branch="False" />
                <line number="208" hits="2" branch="False" />
                <line number="210" hits="12" branch="True" condition-coverage="50% (1/2)">
                  <conditions>
                    <condition number="646" type="jump" coverage="50%" />
                  </conditions>
                </line>
                <line number="211" hits="0" branch="False" />
                <line number="212" hits="0" branch="False" />
                <line number="213" hits="0" branch="True" condition-coverage="0% (0/2)">
                  <conditions>
                    <condition number="621" type="jump" coverage="0%" />
                  </conditions>
                </line>
                <line number="214" hits="0" branch="False" />
                <line number="215" hits="0" branch="False" />
                <line number="216" hits="0" branch="False" />
                <line number="217" hits="0" branch="False" />
                <line number="219" hits="4" branch="True" condition-coverage="50% (1/2)">
                  <conditions>
                    <condition number="679" type="jump" coverage="50%" />
                  </conditions>
                </line>
                <line number="220" hits="0" branch="False" />
                <line number="221" hits="0" branch="False" />
                <line number="222" hits="0" branch="False" />
                <line number="224" hits="4" branch="True" condition-coverage="100% (2/2)">
                  <conditions>
                    <condition number="753" type="jump" coverage="100%" />
                  </conditions>
                </line>
                <line number="225" hits="2" branch="False" />
                <line number="226" hits="2" branch="False" />
                <line number="227" hits="10" branch="True" condition-coverage="100% (2/2)">
                  <conditions>
                    <condition number="942" type="jump" coverage="100%" />
                  </conditions>
                </line>
                <line number="228" hits="2" branch="False" />
                <line number="229" hits="2" branch="False" />
                <line number="230" hits="2" branch="False" />
                <line number="231" hits="2" branch="False" />
                <line number="233" hits="4" branch="True" condition-coverage="100% (2/2)">
                  <conditions>
                    <condition number="968" type="jump" coverage="100%" />
                  </conditions>
                </line>
                <line number="234" hits="1" branch="False" />
                <line number="235" hits="1" branch="False" />
                <line number="236" hits="1" branch="False" />
                <line number="238" hits="4" branch="False" />
                <line number="239" hits="4" branch="False" />
              </lines>
            </method>
            <method name=".cctor" signature="()" line-rate="1" branch-rate="1" complexity="1">
              <lines>
                <line number="38" hits="12" branch="False" />
                <line number="39" hits="12" branch="False" />
              </lines>
            </method>
          </methods>
          <lines>
            <line number="37" hits="17" branch="False" />
            <line number="42" hits="17" branch="False" />
            <line number="45" hits="17" branch="True" condition-coverage="100% (4/4)">
              <conditions>
                <condition number="3" type="jump" coverage="100%" />
                <condition number="27" type="jump" coverage="100%" />
              </conditions>
            </line>
            <line number="46" hits="2" branch="False" />
            <line number="47" hits="2" branch="False" />
            <line number="50" hits="15" branch="False" />
            <line number="51" hits="15" branch="False" />
            <line number="52" hits="15" branch="False" />
            <line number="54" hits="72" branch="True" condition-coverage="100% (2/2)">
              <conditions>
                <condition number="212" type="jump" coverage="100%" />
              </conditions>
            </line>
            <line number="55" hits="22" branch="False" />
            <line number="56" hits="22" branch="False" />
            <line number="58" hits="22" branch="True" condition-coverage="100% (2/2)">
              <conditions>
                <condition number="85" type="jump" coverage="100%" />
              </conditions>
            </line>
            <line number="59" hits="6" branch="False" />
            <line number="60" hits="6" branch="False" />
            <line number="61" hits="6" branch="False" />
            <line number="62" hits="16" branch="True" condition-coverage="100% (2/2)">
              <conditions>
                <condition number="110" type="jump" coverage="100%" />
              </conditions>
            </line>
            <line number="63" hits="1" branch="False" />
            <line number="64" hits="1" branch="False" />
            <line number="65" hits="1" branch="False" />
            <line number="66" hits="15" branch="True" condition-coverage="100% (6/6)">
              <conditions>
                <condition number="131" type="jump" coverage="100%" />
                <condition number="134" type="jump" coverage="100%" />
                <condition number="155" type="jump" coverage="100%" />
              </conditions>
            </line>
            <line number="67" hits="15" branch="False" />
            <line number="68" hits="15" branch="False" />
            <line number="69" hits="14" branch="False" />
            <line number="70" hits="14" branch="False" />
            <line number="71" hits="14" branch="False" />
            <line number="73" hits="1" branch="False" />
            <line number="74" hits="1" branch="False" />
            <line number="76" hits="21" branch="False" />
            <line number="78" hits="14" branch="True" condition-coverage="100% (2/2)">
              <conditions>
                <condition number="225" type="jump" coverage="100%" />
              </conditions>
            </line>
            <line number="79" hits="1" branch="False" />
            <line number="80" hits="1" branch="False" />
            <line number="83" hits="13" branch="True" condition-coverage="100% (2/2)">
              <conditions>
                <condition number="258" type="jump" coverage="100%" />
              </conditions>
            </line>
            <line number="84" hits="2" branch="False" />
            <line number="85" hits="2" branch="False" />
            <line number="86" hits="2" branch="True" condition-coverage="50% (1/2)">
              <conditions>
                <condition number="281" type="jump" coverage="50%" />
              </conditions>
            </line>
            <line number="87" hits="2" branch="False" />
            <line number="88" hits="2" branch="False" />
            <line number="92" hits="11" branch="False" />
            <line number="93" hits="11" branch="False" />
            <line number="95" hits="0" branch="False" />
            <line number="96" hits="0" branch="False" />
            <line number="97" hits="0" branch="False" />
            <line number="99" hits="0" branch="False" />
            <line number="100" hits="0" branch="False" />
            <line number="101" hits="0" branch="False" />
            <line number="103" hits="0" branch="False" />
            <line number="105" hits="17" branch="False" />
            <line number="108" hits="11" branch="False" />
            <line number="109" hits="11" branch="False" />
            <line number="112" hits="11" branch="False" />
            <line number="120" hits="11" branch="False" />
            <line number="121" hits="11" branch="False" />
            <line number="122" hits="11" branch="False" />
            <line number="123" hits="11" branch="False" />
            <line number="129" hits="11" branch="False" />
            <line number="130" hits="7" branch="False" />
            <line number="131" hits="7" branch="False" />
            <line number="132" hits="11" branch="False" />
            <line number="135" hits="11" branch="False" />
            <line number="136" hits="18" branch="False" />
            <line number="137" hits="3" branch="False" />
            <line number="138" hits="11" branch="False" />
            <line number="140" hits="11" branch="False" />
            <line number="141" hits="11" branch="False" />
            <line number="142" hits="11" branch="False" />
            <line number="143" hits="11" branch="False" />
            <line number="144" hits="11" branch="False" />
            <line number="145" hits="11" branch="False" />
            <line number="146" hits="11" branch="False" />
            <line number="147" hits="11" branch="False" />
            <line number="149" hits="11" branch="False" />
            <line number="150" hits="11" branch="False" />
            <line number="153" hits="11" branch="False" />
            <line number="154" hits="11" branch="False" />
            <line number="157" hits="11" branch="True" condition-coverage="100% (4/4)">
              <conditions>
                <condition number="427" type="jump" coverage="100%" />
                <condition number="441" type="jump" coverage="100%" />
              </conditions>
            </line>
            <line number="158" hits="1" branch="False" />
            <line number="159" hits="1" branch="False" />
            <line number="160" hits="1" branch="False" />
            <line number="161" hits="10" branch="True" condition-coverage="100% (2/2)">
              <conditions>
                <condition number="459" type="jump" coverage="100%" />
              </conditions>
            </line>
            <line number="162" hits="6" branch="False" />
            <line number="163" hits="6" branch="False" />
            <line number="164" hits="6" branch="False" />
            <line number="166" hits="4" branch="False" />
            <line number="167" hits="4" branch="False" />
            <line number="168" hits="4" branch="False" />
            <line number="170" hits="11" branch="True" condition-coverage="100% (2/2)">
              <conditions>
                <condition number="478" type="jump" coverage="100%" />
              </conditions>
            </line>
            <line number="171" hits="6" branch="False" />
            <line number="172" hits="6" branch="False" />
            <line number="173" hits="6" branch="False" />
            <line number="174" hits="6" branch="False" />
            <line number="177" hits="5" branch="True" condition-coverage="100% (2/2)">
              <conditions>
                <condition number="556" type="jump" coverage="100%" />
              </conditions>
            </line>
            <line number="178" hits="5" branch="False" />
            <line number="179" hits="5" branch="False" />
            <line number="180" hits="11" branch="False" />
            <line number="185" hits="14" branch="True" condition-coverage="100% (2/2)">
              <conditions>
                <condition number="12" type="jump" coverage="100%" />
              </conditions>
            </line>
            <line number="186" hits="14" branch="False" />
            <line number="187" hits="14" branch="False" />
            <line number="190" hits="6" branch="False" />
            <line number="197" hits="4" branch="False" />
            <line number="198" hits="4" branch="False" />
            <line number="199" hits="4" branch="False" />
            <line number="201" hits="16" branch="True" condition-coverage="100% (2/2)">
              <conditions>
                <condition number="333" type="jump" coverage="100%" />
              </conditions>
            </line>
            <line number="202" hits="2" branch="False" />
            <line number="203" hits="2" branch="False" />
            <line number="204" hits="14" branch="True" condition-coverage="100% (2/2)">
              <conditions>
                <condition number="308" type="jump" coverage="100%" />
              </conditions>
            </line>
            <line number="205" hits="4" branch="False" />
            <line number="206" hits="4" branch="False" />
            <line number="207" hits="4" branch="False" />
            <line number="208" hits="2" branch="False" />
            <line number="210" hits="12" branch="True" condition-coverage="50% (1/2)">
              <conditions>
                <condition number="646" type="jump" coverage="50%" />
              </conditions>
            </line>
            <line number="211" hits="0" branch="False" />
            <line number="212" hits="0" branch="False" />
            <line number="213" hits="0" branch="True" condition-coverage="0% (0/2)">
              <conditions>
                <condition number="621" type="jump" coverage="0%" />
              </conditions>
            </line>
            <line number="214" hits="0" branch="False" />
            <line number="215" hits="0" branch="False" />
            <line number="216" hits="0" branch="False" />
            <line number="217" hits="0" branch="False" />
            <line number="219" hits="4" branch="True" condition-coverage="50% (1/2)">
              <conditions>
                <condition number="679" type="jump" coverage="50%" />
              </conditions>
            </line>
            <line number="220" hits="0" branch="False" />
            <line number="221" hits="0" branch="False" />
            <line number="222" hits="0" branch="False" />
            <line number="224" hits="4" branch="True" condition-coverage="100% (2/2)">
              <conditions>
                <condition number="753" type="jump" coverage="100%" />
              </conditions>
            </line>
            <line number="225" hits="2" branch="False" />
            <line number="226" hits="2" branch="False" />
            <line number="227" hits="10" branch="True" condition-coverage="100% (2/2)">
              <conditions>
                <condition number="942" type="jump" coverage="100%" />
              </conditions>
            </line>
            <line number="228" hits="2" branch="False" />
            <line number="229" hits="2" branch="False" />
            <line number="230" hits="2" branch="False" />
            <line number="231" hits="2" branch="False" />
            <line number="233" hits="4" branch="True" condition-coverage="100% (2/2)">
              <conditions>
                <condition number="968" type="jump" coverage="100%" />
              </conditions>
            </line>
            <line number="234" hits="1" branch="False" />
            <line number="235" hits="1" branch="False" />
            <line number="236" hits="1" branch="False" />
            <line number="238" hits="4" branch="False" />
            <line number="239" hits="4" branch="False" />
            <line number="38" hits="12" branch="False" />
            <line number="39" hits="12" branch="False" />
          </lines>
        </class>
      </classes>
    </package>
    <package name="Doctor.Gui" line-rate="0.7121" branch-rate="0.7923" complexity="254">
      <classes>
        <class name="Doctor.Gui.App" filename="Doctor.Gui/App.axaml.cs" line-rate="0" branch-rate="0" complexity="3">
          <methods>
            <method name="Initialize" signature="()" line-rate="0" branch-rate="1" complexity="1">
              <lines>
                <line number="9" hits="0" branch="False" />
              </lines>
            </method>
            <method name="OnFrameworkInitializationCompleted" signature="()" line-rate="0" branch-rate="0" complexity="2">
              <lines>
                <line number="12" hits="0" branch="False" />
                <line number="13" hits="0" branch="True" condition-coverage="0% (0/2)">
                  <conditions>
                    <condition number="19" type="jump" coverage="0%" />
                  </conditions>
                </line>
                <line number="14" hits="0" branch="False" />
                <line number="15" hits="0" branch="False" />
                <line number="16" hits="0" branch="False" />
                <line number="17" hits="0" branch="False" />
                <line number="18" hits="0" branch="False" />
                <line number="19" hits="0" branch="False" />
                <line number="21" hits="0" branch="False" />
                <line number="22" hits="0" branch="False" />
              </lines>
            </method>
          </methods>
          <lines>
            <line number="9" hits="0" branch="False" />
            <line number="12" hits="0" branch="False" />
            <line number="13" hits="0" branch="True" condition-coverage="0% (0/2)">
              <conditions>
                <condition number="19" type="jump" coverage="0%" />
              </conditions>
            </line>
            <line number="14" hits="0" branch="False" />
            <line number="15" hits="0" branch="False" />
            <line number="16" hits="0" branch="False" />
            <line number="17" hits="0" branch="False" />
            <line number="18" hits="0" branch="False" />
            <line number="19" hits="0" branch="False" />
            <line number="21" hits="0" branch="False" />
            <line number="22" hits="0" branch="False" />
          </lines>
        </class>
        <class name="Doctor.Gui.App" filename="Doctor.Gui/App.axaml" line-rate="0" branch-rate="0" complexity="2">
          <methods>
            <method name="!XamlIlPopulate" signature="(System.IServiceProvider,Doctor.Gui.App)" line-rate="0" branch-rate="0" complexity="2">
              <lines>
                <line number="1" hits="0" branch="True" condition-coverage="0% (0/2)">
                  <conditions>
                    <condition number="1090" type="jump" coverage="0%" />
                  </conditions>
                </line>
                <line number="4" hits="0" branch="False" />
                <line number="6" hits="0" branch="False" />
                <line number="19" hits="0" branch="False" />
                <line number="20" hits="0" branch="False" />
                <line number="21" hits="0" branch="False" />
                <line number="22" hits="0" branch="False" />
                <line number="23" hits="0" branch="False" />
                <line number="28" hits="0" branch="False" />
                <line number="29" hits="0" branch="False" />
                <line number="30" hits="0" branch="False" />
                <line number="31" hits="0" branch="False" />
                <line number="32" hits="0" branch="False" />
                <line number="36" hits="0" branch="False" />
                <line number="37" hits="0" branch="False" />
                <line number="38" hits="0" branch="False" />
                <line number="39" hits="0" branch="False" />
                <line number="43" hits="0" branch="False" />
                <line number="44" hits="0" branch="False" />
                <line number="45" hits="0" branch="False" />
                <line number="46" hits="0" branch="False" />
                <line number="48" hits="0" branch="False" />
                <line number="49" hits="0" branch="False" />
                <line number="50" hits="0" branch="False" />
              </lines>
            </method>
          </methods>
          <lines>
            <line number="1" hits="0" branch="True" condition-coverage="0% (0/2)">
              <conditions>
                <condition number="1090" type="jump" coverage="0%" />
              </conditions>
            </line>
            <line number="4" hits="0" branch="False" />
            <line number="6" hits="0" branch="False" />
            <line number="19" hits="0" branch="False" />
            <line number="20" hits="0" branch="False" />
            <line number="21" hits="0" branch="False" />
            <line number="22" hits="0" branch="False" />
            <line number="23" hits="0" branch="False" />
            <line number="28" hits="0" branch="False" />
            <line number="29" hits="0" branch="False" />
            <line number="30" hits="0" branch="False" />
            <line number="31" hits="0" branch="False" />
            <line number="32" hits="0" branch="False" />
            <line number="36" hits="0" branch="False" />
            <line number="37" hits="0" branch="False" />
            <line number="38" hits="0" branch="False" />
            <line number="39" hits="0" branch="False" />
            <line number="43" hits="0" branch="False" />
            <line number="44" hits="0" branch="False" />
            <line number="45" hits="0" branch="False" />
            <line number="46" hits="0" branch="False" />
            <line number="48" hits="0" branch="False" />
            <line number="49" hits="0" branch="False" />
            <line number="50" hits="0" branch="False" />
          </lines>
        </class>
        <class name="Doctor.Gui.MainWindow" filename="Doctor.Gui/MainWindow.axaml" line-rate="0" branch-rate="0" complexity="2">
          <methods>
            <method name="!XamlIlPopulate" signature="(System.IServiceProvider,Doctor.Gui.MainWindow)" line-rate="0" branch-rate="0" complexity="2">
              <lines>
                <line number="1" hits="0" branch="True" condition-coverage="0% (0/2)">
                  <conditions>
                    <condition number="9106" type="jump" coverage="0%" />
                  </conditions>
                </line>
                <line number="7" hits="0" branch="False" />
                <line number="8" hits="0" branch="False" />
                <line number="15" hits="0" branch="False" />
                <line number="17" hits="0" branch="False" />
                <line number="20" hits="0" branch="False" />
                <line number="21" hits="0" branch="False" />
                <line number="22" hits="0" branch="False" />
                <line number="23" hits="0" branch="False" />
                <line number="24" hits="0" branch="False" />
                <line number="25" hits="0" branch="False" />
                <line number="27" hits="0" branch="False" />
                <line number="31" hits="0" branch="False" />
                <line number="32" hits="0" branch="False" />
                <line number="33" hits="0" branch="False" />
                <line number="34" hits="0" branch="False" />
                <line number="38" hits="0" branch="False" />
                <line number="39" hits="0" branch="False" />
                <line number="40" hits="0" branch="False" />
                <line number="41" hits="0" branch="False" />
                <line number="42" hits="0" branch="False" />
                <line number="43" hits="0" branch="False" />
                <line number="44" hits="0" branch="False" />
                <line number="45" hits="0" branch="False" />
                <line number="46" hits="0" branch="False" />
                <line number="47" hits="0" branch="False" />
                <line number="48" hits="0" branch="False" />
                <line number="49" hits="0" branch="False" />
                <line number="50" hits="0" branch="False" />
                <line number="51" hits="0" branch="False" />
                <line number="52" hits="0" branch="False" />
                <line number="53" hits="0" branch="False" />
                <line number="54" hits="0" branch="False" />
                <line number="59" hits="0" branch="False" />
                <line number="60" hits="0" branch="False" />
                <line number="61" hits="0" branch="False" />
                <line number="63" hits="0" branch="False" />
                <line number="64" hits="0" branch="False" />
                <line number="82" hits="0" branch="False" />
                <line number="83" hits="0" branch="False" />
                <line number="84" hits="0" branch="False" />
                <line number="89" hits="0" branch="False" />
                <line number="90" hits="0" branch="False" />
                <line number="91" hits="0" branch="False" />
                <line number="93" hits="0" branch="False" />
                <line number="94" hits="0" branch="False" />
                <line number="106" hits="0" branch="False" />
                <line number="110" hits="0" branch="False" />
                <line number="111" hits="0" branch="False" />
                <line number="112" hits="0" branch="False" />
                <line number="113" hits="0" branch="False" />
                <line number="115" hits="0" branch="False" />
                <line number="116" hits="0" branch="False" />
                <line number="128" hits="0" branch="False" />
                <line number="129" hits="0" branch="False" />
                <line number="131" hits="0" branch="False" />
                <line number="132" hits="0" branch="False" />
                <line number="133" hits="0" branch="False" />
                <line number="134" hits="0" branch="False" />
                <line number="139" hits="0" branch="False" />
                <line number="140" hits="0" branch="False" />
                <line number="141" hits="0" branch="False" />
                <line number="142" hits="0" branch="False" />
                <line number="143" hits="0" branch="False" />
                <line number="147" hits="0" branch="False" />
                <line number="148" hits="0" branch="False" />
                <line number="150" hits="0" branch="False" />
                <line number="151" hits="0" branch="False" />
                <line number="159" hits="0" branch="False" />
                <line number="160" hits="0" branch="False" />
                <line number="161" hits="0" branch="False" />
                <line number="162" hits="0" branch="False" />
                <line number="163" hits="0" branch="False" />
                <line number="164" hits="0" branch="False" />
                <line number="169" hits="0" branch="False" />
                <line number="170" hits="0" branch="False" />
                <line number="171" hits="0" branch="False" />
                <line number="172" hits="0" branch="False" />
                <line number="173" hits="0" branch="False" />
                <line number="175" hits="0" branch="False" />
                <line number="176" hits="0" branch="False" />
                <line number="180" hits="0" branch="False" />
                <line number="181" hits="0" branch="False" />
                <line number="182" hits="0" branch="False" />
                <line number="183" hits="0" branch="False" />
                <line number="189" hits="0" branch="False" />
                <line number="190" hits="0" branch="False" />
                <line number="191" hits="0" branch="False" />
                <line number="192" hits="0" branch="False" />
                <line number="193" hits="0" branch="False" />
                <line number="194" hits="0" branch="False" />
                <line number="195" hits="0" branch="False" />
                <line number="196" hits="0" branch="False" />
                <line number="197" hits="0" branch="False" />
                <line number="198" hits="0" branch="False" />
                <line number="199" hits="0" branch="False" />
                <line number="200" hits="0" branch="False" />
                <line number="201" hits="0" branch="False" />
                <line number="204" hits="0" branch="False" />
                <line number="205" hits="0" branch="False" />
                <line number="210" hits="0" branch="False" />
                <line number="211" hits="0" branch="False" />
              </lines>
            </method>
          </methods>
          <lines>
            <line number="1" hits="0" branch="True" condition-coverage="0% (0/2)">
              <conditions>
                <condition number="9106" type="jump" coverage="0%" />
              </conditions>
            </line>
            <line number="7" hits="0" branch="False" />
            <line number="8" hits="0" branch="False" />
            <line number="15" hits="0" branch="False" />
            <line number="17" hits="0" branch="False" />
            <line number="20" hits="0" branch="False" />
            <line number="21" hits="0" branch="False" />
            <line number="22" hits="0" branch="False" />
            <line number="23" hits="0" branch="False" />
            <line number="24" hits="0" branch="False" />
            <line number="25" hits="0" branch="False" />
            <line number="27" hits="0" branch="False" />
            <line number="31" hits="0" branch="False" />
            <line number="32" hits="0" branch="False" />
            <line number="33" hits="0" branch="False" />
            <line number="34" hits="0" branch="False" />
            <line number="38" hits="0" branch="False" />
            <line number="39" hits="0" branch="False" />
            <line number="40" hits="0" branch="False" />
            <line number="41" hits="0" branch="False" />
            <line number="42" hits="0" branch="False" />
            <line number="43" hits="0" branch="False" />
            <line number="44" hits="0" branch="False" />
            <line number="45" hits="0" branch="False" />
            <line number="46" hits="0" branch="False" />
            <line number="47" hits="0" branch="False" />
            <line number="48" hits="0" branch="False" />
            <line number="49" hits="0" branch="False" />
            <line number="50" hits="0" branch="False" />
            <line number="51" hits="0" branch="False" />
            <line number="52" hits="0" branch="False" />
            <line number="53" hits="0" branch="False" />
            <line number="54" hits="0" branch="False" />
            <line number="59" hits="0" branch="False" />
            <line number="60" hits="0" branch="False" />
            <line number="61" hits="0" branch="False" />
            <line number="63" hits="0" branch="False" />
            <line number="64" hits="0" branch="False" />
            <line number="82" hits="0" branch="False" />
            <line number="83" hits="0" branch="False" />
            <line number="84" hits="0" branch="False" />
            <line number="89" hits="0" branch="False" />
            <line number="90" hits="0" branch="False" />
            <line number="91" hits="0" branch="False" />
            <line number="93" hits="0" branch="False" />
            <line number="94" hits="0" branch="False" />
            <line number="106" hits="0" branch="False" />
            <line number="110" hits="0" branch="False" />
            <line number="111" hits="0" branch="False" />
            <line number="112" hits="0" branch="False" />
            <line number="113" hits="0" branch="False" />
            <line number="115" hits="0" branch="False" />
            <line number="116" hits="0" branch="False" />
            <line number="128" hits="0" branch="False" />
            <line number="129" hits="0" branch="False" />
            <line number="131" hits="0" branch="False" />
            <line number="132" hits="0" branch="False" />
            <line number="133" hits="0" branch="False" />
            <line number="134" hits="0" branch="False" />
            <line number="139" hits="0" branch="False" />
            <line number="140" hits="0" branch="False" />
            <line number="141" hits="0" branch="False" />
            <line number="142" hits="0" branch="False" />
            <line number="143" hits="0" branch="False" />
            <line number="147" hits="0" branch="False" />
            <line number="148" hits="0" branch="False" />
            <line number="150" hits="0" branch="False" />
            <line number="151" hits="0" branch="False" />
            <line number="159" hits="0" branch="False" />
            <line number="160" hits="0" branch="False" />
            <line number="161" hits="0" branch="False" />
            <line number="162" hits="0" branch="False" />
            <line number="163" hits="0" branch="False" />
            <line number="164" hits="0" branch="False" />
            <line number="169" hits="0" branch="False" />
            <line number="170" hits="0" branch="False" />
            <line number="171" hits="0" branch="False" />
            <line number="172" hits="0" branch="False" />
            <line number="173" hits="0" branch="False" />
            <line number="175" hits="0" branch="False" />
            <line number="176" hits="0" branch="False" />
            <line number="180" hits="0" branch="False" />
            <line number="181" hits="0" branch="False" />
            <line number="182" hits="0" branch="False" />
            <line number="183" hits="0" branch="False" />
            <line number="189" hits="0" branch="False" />
            <line number="190" hits="0" branch="False" />
            <line number="191" hits="0" branch="False" />
            <line number="192" hits="0" branch="False" />
            <line number="193" hits="0" branch="False" />
            <line number="194" hits="0" branch="False" />
            <line number="195" hits="0" branch="False" />
            <line number="196" hits="0" branch="False" />
            <line number="197" hits="0" branch="False" />
            <line number="198" hits="0" branch="False" />
            <line number="199" hits="0" branch="False" />
            <line number="200" hits="0" branch="False" />
            <line number="201" hits="0" branch="False" />
            <line number="204" hits="0" branch="False" />
            <line number="205" hits="0" branch="False" />
            <line number="210" hits="0" branch="False" />
            <line number="211" hits="0" branch="False" />
          </lines>
        </class>
        <class name="Doctor.Gui.MainWindow/XamlClosure_1" filename="Doctor.Gui/MainWindow.axaml" line-rate="0" branch-rate="1" complexity="4">
          <methods>
            <method name="Build_1" signature="(System.IServiceProvider)" line-rate="0" branch-rate="1" complexity="1">
              <lines>
                <line number="65" hits="0" branch="False" />
                <line number="66" hits="0" branch="False" />
                <line number="67" hits="0" branch="False" />
                <line number="68" hits="0" branch="False" />
                <line number="69" hits="0" branch="False" />
                <line number="70" hits="0" branch="False" />
                <line number="72" hits="0" branch="False" />
                <line number="73" hits="0" branch="False" />
              </lines>
            </method>
            <method name="Build_3" signature="(System.IServiceProvider)" line-rate="0" branch-rate="1" complexity="1">
              <lines>
                <line number="95" hits="0" branch="False" />
                <line number="96" hits="0" branch="False" />
                <line number="97" hits="0" branch="False" />
                <line number="98" hits="0" branch="False" />
                <line number="99" hits="0" branch="False" />
                <line number="100" hits="0" branch="False" />
              </lines>
            </method>
            <method name="Build_4" signature="(System.IServiceProvider)" line-rate="0" branch-rate="1" complexity="1">
              <lines>
                <line number="117" hits="0" branch="False" />
                <line number="118" hits="0" branch="False" />
                <line number="119" hits="0" branch="False" />
                <line number="120" hits="0" branch="False" />
                <line number="121" hits="0" branch="False" />
                <line number="122" hits="0" branch="False" />
              </lines>
            </method>
            <method name="Build_5" signature="(System.IServiceProvider)" line-rate="0" branch-rate="1" complexity="1">
              <lines>
                <line number="152" hits="0" branch="False" />
                <line number="154" hits="0" branch="False" />
              </lines>
            </method>
          </methods>
          <lines>
            <line number="65" hits="0" branch="False" />
            <line number="66" hits="0" branch="False" />
            <line number="67" hits="0" branch="False" />
            <line number="68" hits="0" branch="False" />
            <line number="69" hits="0" branch="False" />
            <line number="70" hits="0" branch="False" />
            <line number="72" hits="0" branch="False" />
            <line number="73" hits="0" branch="False" />
            <line number="95" hits="0" branch="False" />
            <line number="96" hits="0" branch="False" />
            <line number="97" hits="0" branch="False" />
            <line number="98" hits="0" branch="False" />
            <line number="99" hits="0" branch="False" />
            <line number="100" hits="0" branch="False" />
            <line number="117" hits="0" branch="False" />
            <line number="118" hits="0" branch="False" />
            <line number="119" hits="0" branch="False" />
            <line number="120" hits="0" branch="False" />
            <line number="121" hits="0" branch="False" />
            <line number="122" hits="0" branch="False" />
            <line number="152" hits="0" branch="False" />
            <line number="154" hits="0" branch="False" />
          </lines>
        </class>
        <class name="Doctor.Gui.MainWindow" filename="Doctor.Gui/MainWindow.axaml.cs" line-rate="0" branch-rate="1" complexity="1">
          <methods>
            <method name=".ctor" signature="()" line-rate="0" branch-rate="1" complexity="1">
              <lines>
                <line number="7" hits="0" branch="False" />
                <line number="8" hits="0" branch="False" />
                <line number="9" hits="0" branch="False" />
                <line number="10" hits="0" branch="False" />
              </lines>
            </method>
          </methods>
          <lines>
            <line number="7" hits="0" branch="False" />
            <line number="8" hits="0" branch="False" />
            <line number="9" hits="0" branch="False" />
            <line number="10" hits="0" branch="False" />
          </lines>
        </class>
        <class name="Doctor.Gui.Program" filename="Doctor.Gui/Program.cs" line-rate="0" branch-rate="1" complexity="2">
          <methods>
            <method name="Main" signature="(System.String[])" line-rate="0" branch-rate="1" complexity="1">
              <lines>
                <line number="8" hits="0" branch="False" />
                <line number="9" hits="0" branch="False" />
              </lines>
            </method>
            <method name="BuildAvaloniaApp" signature="()" line-rate="0" branch-rate="1" complexity="1">
              <lines>
                <line number="11" hits="0" branch="False" />
                <line number="12" hits="0" branch="False" />
                <line number="13" hits="0" branch="False" />
              </lines>
            </method>
          </methods>
          <lines>
            <line number="8" hits="0" branch="False" />
            <line number="9" hits="0" branch="False" />
            <line number="11" hits="0" branch="False" />
            <line number="12" hits="0" branch="False" />
            <line number="13" hits="0" branch="False" />
          </lines>
        </class>
        <class name="Doctor.Gui.ViewModels.ConfirmationViewModel" filename="Doctor.Gui/ViewModels/ConfirmationViewModel.cs" line-rate="1" branch-rate="1" complexity="5">
          <methods>
            <method name="get_ItemsMovedLabel" signature="()" line-rate="1" branch-rate="1" complexity="1">
              <lines>
                <line number="17" hits="2" branch="False" />
              </lines>
            </method>
            <method name="get_SafetyMessage" signature="()" line-rate="1" branch-rate="1" complexity="2">
              <lines>
                <line number="23" hits="4" branch="True" condition-coverage="100% (2/2)">
                  <conditions>
                    <condition number="6" type="jump" coverage="100%" />
                  </conditions>
                </line>
                <line number="24" hits="4" branch="False" />
                <line number="25" hits="4" branch="False" />
              </lines>
            </method>
            <method name="Complete" signature="(System.Collections.Generic.IReadOnlyList`1&lt;System.String&gt;)" line-rate="1" branch-rate="1" complexity="1">
              <lines>
                <line number="29" hits="6" branch="False" />
                <line number="30" hits="6" branch="False" />
                <line number="31" hits="6" branch="False" />
              </lines>
            </method>
            <method name="OnItemsMovedChanged" signature="(System.Int32)" line-rate="1" branch-rate="1" complexity="1">
              <lines>
                <line number="34" hits="9" branch="False" />
                <line number="35" hits="9" branch="False" />
                <line number="36" hits="9" branch="False" />
                <line number="37" hits="9" branch="False" />
              </lines>
            </method>
          </methods>
          <lines>
            <line number="17" hits="2" branch="False" />
            <line number="23" hits="4" branch="True" condition-coverage="100% (2/2)">
              <conditions>
                <condition number="6" type="jump" coverage="100%" />
              </conditions>
            </line>
            <line number="24" hits="4" branch="False" />
            <line number="25" hits="4" branch="False" />
            <line number="29" hits="6" branch="False" />
            <line number="30" hits="6" branch="False" />
            <line number="31" hits="6" branch="False" />
            <line number="34" hits="9" branch="False" />
            <line number="35" hits="9" branch="False" />
            <line number="36" hits="9" branch="False" />
            <line number="37" hits="9" branch="False" />
          </lines>
        </class>
        <class name="Doctor.Gui.ViewModels.ConflictsViewModel" filename="Doctor.Gui/ViewModels/ConflictsViewModel.cs" line-rate="1" branch-rate="1" complexity="4">
          <methods>
            <method name="get_Groups" signature="()" line-rate="1" branch-rate="1" complexity="4">
              <lines>
                <line number="19" hits="4" branch="True" condition-coverage="100% (4/4)">
                  <conditions>
                    <condition number="6" type="jump" coverage="100%" />
                    <condition number="98" type="jump" coverage="100%" />
                  </conditions>
                </line>
                <line number="20" hits="4" branch="False" />
                <line number="21" hits="6" branch="False" />
              </lines>
            </method>
          </methods>
          <lines>
            <line number="19" hits="4" branch="True" condition-coverage="100% (4/4)">
              <conditions>
                <condition number="6" type="jump" coverage="100%" />
                <condition number="98" type="jump" coverage="100%" />
              </conditions>
            </line>
            <line number="20" hits="4" branch="False" />
            <line number="21" hits="6" branch="False" />
          </lines>
        </class>
        <class name="Doctor.Gui.ViewModels.ConflictGroupRow" filename="Doctor.Gui/ViewModels/ConflictsViewModel.cs" line-rate="0.7692" branch-rate="1" complexity="8">
          <methods>
            <method name="get_Group" signature="()" line-rate="0" branch-rate="1" complexity="1">
              <lines>
                <line number="31" hits="0" branch="False" />
              </lines>
            </method>
            <method name="get_BaseName" signature="()" line-rate="0" branch-rate="1" complexity="1">
              <lines>
                <line number="33" hits="0" branch="False" />
              </lines>
            </method>
            <method name="get_VersionCount" signature="()" line-rate="0" branch-rate="1" complexity="1">
              <lines>
                <line number="36" hits="0" branch="False" />
              </lines>
            </method>
            <method name="get_TotalSizeLabel" signature="()" line-rate="1" branch-rate="1" complexity="1">
              <lines>
                <line number="39" hits="1" branch="False" />
              </lines>
            </method>
            <method name="get_SuggestedKeepPath" signature="()" line-rate="1" branch-rate="1" complexity="1">
              <lines>
                <line number="45" hits="2" branch="False" />
              </lines>
            </method>
            <method name="get_BytesToQuarantine" signature="()" line-rate="1" branch-rate="1" complexity="1">
              <lines>
                <line number="52" hits="1" branch="False" />
              </lines>
            </method>
            <method name="SuggestedKeep" signature="()" line-rate="1" branch-rate="1" complexity="1">
              <lines>
                <line number="55" hits="3" branch="False" />
                <line number="56" hits="8" branch="False" />
                <line number="57" hits="8" branch="False" />
                <line number="58" hits="8" branch="False" />
                <line number="59" hits="1" branch="False" />
                <line number="60" hits="3" branch="False" />
              </lines>
            </method>
            <method name=".ctor" signature="(Doctor.Gui.Engine.ConflictGroup)" line-rate="1" branch-rate="1" complexity="1">
              <lines>
                <line number="29" hits="6" branch="False" />
              </lines>
            </method>
          </methods>
          <lines>
            <line number="31" hits="0" branch="False" />
            <line number="33" hits="0" branch="False" />
            <line number="36" hits="0" branch="False" />
            <line number="39" hits="1" branch="False" />
            <line number="45" hits="2" branch="False" />
            <line number="52" hits="1" branch="False" />
            <line number="55" hits="3" branch="False" />
            <line number="56" hits="8" branch="False" />
            <line number="57" hits="8" branch="False" />
            <line number="58" hits="8" branch="False" />
            <line number="59" hits="1" branch="False" />
            <line number="60" hits="3" branch="False" />
            <line number="29" hits="6" branch="False" />
          </lines>
        </class>
        <class name="Doctor.Gui.ViewModels.DuplicatesViewModel" filename="Doctor.Gui/ViewModels/DuplicatesViewModel.cs" line-rate="1" branch-rate="1" complexity="7">
          <methods>
            <method name="get_Groups" signature="()" line-rate="1" branch-rate="1" complexity="4">
              <lines>
                <line number="19" hits="4" branch="True" condition-coverage="100% (4/4)">
                  <conditions>
                    <condition number="6" type="jump" coverage="100%" />
                    <condition number="98" type="jump" coverage="100%" />
                  </conditions>
                </line>
                <line number="20" hits="4" branch="False" />
                <line number="21" hits="8" branch="False" />
              </lines>
            </method>
            <method name="get_RedundantCopies" signature="()" line-rate="1" branch-rate="1" complexity="2">
              <lines>
                <line number="24" hits="3" branch="True" condition-coverage="100% (2/2)">
                  <conditions>
                    <condition number="7" type="jump" coverage="100%" />
                  </conditions>
                </line>
              </lines>
            </method>
            <method name="get_RedundantCopiesLabel" signature="()" line-rate="1" branch-rate="1" complexity="1">
              <lines>
                <line number="28" hits="2" branch="False" />
              </lines>
            </method>
          </methods>
          <lines>
            <line number="19" hits="4" branch="True" condition-coverage="100% (4/4)">
              <conditions>
                <condition number="6" type="jump" coverage="100%" />
                <condition number="98" type="jump" coverage="100%" />
              </conditions>
            </line>
            <line number="20" hits="4" branch="False" />
            <line number="21" hits="8" branch="False" />
            <line number="24" hits="3" branch="True" condition-coverage="100% (2/2)">
              <conditions>
                <condition number="7" type="jump" coverage="100%" />
              </conditions>
            </line>
            <line number="28" hits="2" branch="False" />
          </lines>
        </class>
        <class name="Doctor.Gui.ViewModels.DuplicateGroupRow" filename="Doctor.Gui/ViewModels/DuplicatesViewModel.cs" line-rate="0.6" branch-rate="1" complexity="5">
          <methods>
            <method name="get_Group" signature="()" line-rate="0" branch-rate="1" complexity="1">
              <lines>
                <line number="38" hits="0" branch="False" />
              </lines>
            </method>
            <method name="get_KeptPath" signature="()" line-rate="1" branch-rate="1" complexity="1">
              <lines>
                <line number="41" hits="1" branch="False" />
              </lines>
            </method>
            <method name="get_SizeLabel" signature="()" line-rate="1" branch-rate="1" complexity="1">
              <lines>
                <line number="44" hits="1" branch="False" />
              </lines>
            </method>
            <method name="get_HashLabel" signature="()" line-rate="0" branch-rate="1" complexity="1">
              <lines>
                <line number="47" hits="0" branch="False" />
              </lines>
            </method>
            <method name=".ctor" signature="(Doctor.Gui.Engine.DuplicateGroup)" line-rate="1" branch-rate="1" complexity="1">
              <lines>
                <line number="36" hits="8" branch="False" />
              </lines>
            </method>
          </methods>
          <lines>
            <line number="38" hits="0" branch="False" />
            <line number="41" hits="1" branch="False" />
            <line number="44" hits="1" branch="False" />
            <line number="47" hits="0" branch="False" />
            <line number="36" hits="8" branch="False" />
          </lines>
        </class>
        <class name="Doctor.Gui.ViewModels.MainWindowViewModel" filename="Doctor.Gui/ViewModels/MainWindowViewModel.cs" line-rate="0.8979" branch-rate="0.76" complexity="83">
          <methods>
            <method name="get_Quarantine" signature="()" line-rate="1" branch-rate="1" complexity="1">
              <lines>
                <line number="69" hits="274" branch="False" />
              </lines>
            </method>
            <method name="get_Confirmation" signature="()" line-rate="1" branch-rate="1" complexity="1">
              <lines>
                <line number="72" hits="45" branch="False" />
              </lines>
            </method>
            <method name="Mapear" signature="(Doctor.Gui.Flow.FlowScreen)" line-rate="0.9229999999999999" branch-rate="0.9" complexity="10">
              <lines>
                <line number="92" hits="86" branch="True" condition-coverage="90% (9/10)">
                  <conditions>
                    <condition number="5" type="switch" coverage="90%" />
                  </conditions>
                </line>
                <line number="93" hits="86" branch="False" />
                <line number="94" hits="3" branch="False" />
                <line number="95" hits="13" branch="False" />
                <line number="96" hits="15" branch="False" />
                <line number="97" hits="12" branch="False" />
                <line number="98" hits="11" branch="False" />
                <line number="99" hits="12" branch="False" />
                <line number="100" hits="11" branch="False" />
                <line number="101" hits="5" branch="False" />
                <line number="102" hits="4" branch="False" />
                <line number="103" hits="0" branch="False" />
                <line number="104" hits="86" branch="False" />
              </lines>
            </method>
            <method name="EspelharGuardas" signature="()" line-rate="1" branch-rate="1" complexity="1">
              <lines>
                <line number="114" hits="74" branch="False" />
                <line number="115" hits="74" branch="False" />
                <line number="116" hits="74" branch="False" />
                <line number="117" hits="74" branch="False" />
                <line number="118" hits="74" branch="False" />
                <line number="119" hits="74" branch="False" />
              </lines>
            </method>
            <method name="get_EstrategiasResolucao" signature="()" line-rate="1" branch-rate="1" complexity="1">
              <lines>
                <line number="126" hits="1" branch="False" />
              </lines>
            </method>
            <method name="get_RegraDeEmpate" signature="()" line-rate="1" branch-rate="1" complexity="1">
              <lines>
                <line number="135" hits="2" branch="False" />
              </lines>
            </method>
            <method name="get_AncoraDemo" signature="()" line-rate="1" branch-rate="1" complexity="1">
              <lines>
                <line number="143" hits="2" branch="False" />
              </lines>
            </method>
            <method name="CaminhoQuarentenaPrevisto" signature="()" line-rate="1" branch-rate="1" complexity="1">
              <lines>
                <line number="148" hits="2" branch="False" />
                <line number="149" hits="2" branch="False" />
                <line number="150" hits="2" branch="False" />
                <line number="151" hits="2" branch="False" />
              </lines>
            </method>
            <method name="get_OperationIdPrevisto" signature="()" line-rate="1" branch-rate="1" complexity="1">
              <lines>
                <line number="158" hits="6" branch="False" />
                <line number="159" hits="6" branch="False" />
                <line number="160" hits="6" branch="False" />
                <line number="161" hits="6" branch="False" />
                <line number="162" hits="6" branch="False" />
                <line number="163" hits="6" branch="False" />
                <line number="164" hits="6" branch="False" />
              </lines>
            </method>
            <method name="get_ConfirmacaoContagemItens" signature="()" line-rate="0" branch-rate="1" complexity="1">
              <lines>
                <line number="168" hits="0" branch="False" />
              </lines>
            </method>
            <method name="get_CaminhoQuarentenaPrevistoLabel" signature="()" line-rate="0" branch-rate="1" complexity="1">
              <lines>
                <line number="172" hits="0" branch="False" />
              </lines>
            </method>
            <method name="get_SummaryFilesFound" signature="()" line-rate="1" branch-rate="0.5" complexity="2">
              <lines>
                <line number="179" hits="1" branch="True" condition-coverage="50% (1/2)">
                  <conditions>
                    <condition number="7" type="jump" coverage="50%" />
                  </conditions>
                </line>
              </lines>
            </method>
            <method name="get_SummaryIdenticalDuplicates" signature="()" line-rate="1" branch-rate="0.5" complexity="2">
              <lines>
                <line number="182" hits="1" branch="True" condition-coverage="50% (1/2)">
                  <conditions>
                    <condition number="7" type="jump" coverage="50%" />
                  </conditions>
                </line>
              </lines>
            </method>
            <method name="get_SummaryRealConflicts" signature="()" line-rate="1" branch-rate="0.5" complexity="2">
              <lines>
                <line number="185" hits="1" branch="True" condition-coverage="50% (1/2)">
                  <conditions>
                    <condition number="7" type="jump" coverage="50%" />
                  </conditions>
                </line>
              </lines>
            </method>
            <method name="get_SummaryPlaceholdersIgnored" signature="()" line-rate="1" branch-rate="0.5" complexity="2">
              <lines>
                <line number="188" hits="1" branch="True" condition-coverage="50% (1/2)">
                  <conditions>
                    <condition number="7" type="jump" coverage="50%" />
                  </conditions>
                </line>
              </lines>
            </method>
            <method name="get_SummaryRecoverableSpace" signature="()" line-rate="1" branch-rate="0.5" complexity="2">
              <lines>
                <line number="190" hits="1" branch="True" condition-coverage="50% (1/2)">
                  <conditions>
                    <condition number="7" type="jump" coverage="50%" />
                  </conditions>
                </line>
              </lines>
            </method>
            <method name="get_HasResults" signature="()" line-rate="0" branch-rate="1" complexity="1">
              <lines>
                <line number="192" hits="0" branch="False" />
              </lines>
            </method>
            <method name="get_ShowChooseFolder" signature="()" line-rate="0" branch-rate="1" complexity="1">
              <lines>
                <line number="196" hits="0" branch="False" />
              </lines>
            </method>
            <method name="get_ShowScanning" signature="()" line-rate="0" branch-rate="1" complexity="1">
              <lines>
                <line number="197" hits="0" branch="False" />
              </lines>
            </method>
            <method name="get_ShowSummary" signature="()" line-rate="0" branch-rate="1" complexity="1">
              <lines>
                <line number="198" hits="0" branch="False" />
              </lines>
            </method>
            <method name="get_ShowDuplicates" signature="()" line-rate="0" branch-rate="1" complexity="1">
              <lines>
                <line number="199" hits="0" branch="False" />
              </lines>
            </method>
            <method name="get_ShowConflicts" signature="()" line-rate="0" branch-rate="1" complexity="1">
              <lines>
                <line number="200" hits="0" branch="False" />
              </lines>
            </method>
            <method name="get_ShowCompare" signature="()" line-rate="0" branch-rate="1" complexity="1">
              <lines>
                <line number="201" hits="0" branch="False" />
              </lines>
            </method>
            <method name="get_ShowChooseAction" signature="()" line-rate="0" branch-rate="1" complexity="1">
              <lines>
                <line number="202" hits="0" branch="False" />
              </lines>
            </method>
            <method name="get_ShowQuarantine" signature="()" line-rate="0" branch-rate="1" complexity="1">
              <lines>
                <line number="203" hits="0" branch="False" />
              </lines>
            </method>
            <method name="get_ShowConfirmation" signature="()" line-rate="0" branch-rate="1" complexity="1">
              <lines>
                <line number="204" hits="0" branch="False" />
              </lines>
            </method>
            <method name="FormatBytes" signature="(System.Int64)" line-rate="1" branch-rate="1" complexity="6">
              <lines>
                <line number="230" hits="11" branch="True" condition-coverage="100% (6/6)">
                  <conditions>
                    <condition number="11" type="jump" coverage="100%" />
                    <condition number="20" type="jump" coverage="100%" />
                    <condition number="31" type="jump" coverage="100%" />
                  </conditions>
                </line>
                <line number="231" hits="11" branch="False" />
                <line number="232" hits="1" branch="False" />
                <line number="233" hits="4" branch="False" />
                <line number="234" hits="3" branch="False" />
                <line number="235" hits="3" branch="False" />
                <line number="236" hits="11" branch="False" />
              </lines>
            </method>
            <method name="ComVirgula" signature="(System.Double)" line-rate="1" branch-rate="1" complexity="1">
              <lines>
                <line number="239" hits="8" branch="False" />
              </lines>
            </method>
            <method name="Navegar" signature="(Doctor.Gui.Flow.FlowTrigger)" line-rate="0" branch-rate="1" complexity="1">
              <lines>
                <line number="248" hits="0" branch="False" />
                <line number="249" hits="0" branch="False" />
                <line number="250" hits="0" branch="False" />
                <line number="251" hits="0" branch="False" />
                <line number="252" hits="0" branch="False" />
              </lines>
            </method>
            <method name="StartScan" signature="()" line-rate="1" branch-rate="1" complexity="1">
              <lines>
                <line number="256" hits="13" branch="False" />
                <line number="258" hits="13" branch="False" />
                <line number="261" hits="13" branch="False" />
                <line number="262" hits="13" branch="False" />
                <line number="263" hits="13" branch="False" />
                <line number="264" hits="13" branch="False" />
                <line number="265" hits="13" branch="False" />
                <line number="268" hits="91" branch="False" />
                <line number="270" hits="13" branch="False" />
                <line number="271" hits="13" branch="False" />
                <line number="273" hits="13" branch="False" />
[...]
            <line number="83" hits="15" branch="True" condition-coverage="50% (1/2)">
              <conditions>
                <condition number="44" type="jump" coverage="50%" />
              </conditions>
            </line>
            <line number="84" hits="15" branch="False" />
            <line number="85" hits="15" branch="False" />
            <line number="88" hits="15" branch="False" />
            <line number="92" hits="15" branch="False" />
            <line number="94" hits="15" branch="False" />
            <line number="95" hits="15" branch="False" />
            <line number="98" hits="75" branch="True" condition-coverage="100% (2/2)">
              <conditions>
                <condition number="604" type="jump" coverage="100%" />
              </conditions>
            </line>
            <line number="99" hits="15" branch="False" />
            <line number="100" hits="15" branch="False" />
            <line number="102" hits="15" branch="True" condition-coverage="100% (2/2)">
              <conditions>
                <condition number="209" type="jump" coverage="100%" />
              </conditions>
            </line>
            <line number="103" hits="60" branch="False" />
            <line number="104" hits="15" branch="False" />
            <line number="109" hits="15" branch="False" />
            <line number="110" hits="30" branch="False" />
            <line number="111" hits="30" branch="False" />
            <line number="113" hits="15" branch="True" condition-coverage="50% (1/2)">
              <conditions>
                <condition number="357" type="jump" coverage="50%" />
              </conditions>
            </line>
            <line number="114" hits="0" branch="False" />
            <line number="115" hits="0" branch="False" />
            <line number="122" hits="15" branch="False" />
            <line number="123" hits="90" branch="True" condition-coverage="100% (2/2)">
              <conditions>
                <condition number="577" type="jump" coverage="100%" />
              </conditions>
            </line>
            <line number="124" hits="30" branch="False" />
            <line number="125" hits="30" branch="False" />
            <line number="126" hits="60" branch="False" />
            <line number="127" hits="30" branch="False" />
            <line number="129" hits="15" branch="False" />
            <line number="130" hits="15" branch="False" />
            <line number="132" hits="15" branch="False" />
            <line number="133" hits="15" branch="False" />
            <line number="135" hits="15" branch="False" />
            <line number="136" hits="15" branch="False" />
            <line number="148" hits="15" branch="False" />
            <line number="149" hits="45" branch="False" />
            <line number="151" hits="15" branch="True" condition-coverage="100% (2/2)">
              <conditions>
                <condition number="63" type="jump" coverage="100%" />
              </conditions>
            </line>
            <line number="152" hits="10" branch="False" />
            <line number="153" hits="10" branch="False" />
            <line number="154" hits="10" branch="False" />
            <line number="155" hits="10" branch="False" />
            <line number="156" hits="30" branch="False" />
            <line number="157" hits="10" branch="False" />
            <line number="159" hits="5" branch="False" />
            <line number="160" hits="5" branch="False" />
            <line number="161" hits="5" branch="False" />
            <line number="162" hits="5" branch="False" />
            <line number="163" hits="15" branch="False" />
            <line number="164" hits="5" branch="False" />
            <line number="165" hits="15" branch="False" />
            <line number="173" hits="30" branch="True" condition-coverage="100% (2/2)">
              <conditions>
                <condition number="6" type="jump" coverage="100%" />
              </conditions>
            </line>
            <line number="174" hits="30" branch="False" />
            <line number="175" hits="30" branch="False" />
            <line number="183" hits="60" branch="False" />
            <line number="184" hits="60" branch="True" condition-coverage="50% (2/4)">
              <conditions>
                <condition number="7" type="jump" coverage="50%" />
                <condition number="20" type="jump" coverage="50%" />
              </conditions>
            </line>
            <line number="185" hits="0" branch="False" />
            <line number="186" hits="0" branch="False" />
            <line number="189" hits="60" branch="False" />
            <line number="190" hits="60" branch="False" />
            <line number="65" hits="15" branch="False" />
            <line number="66" hits="15" branch="False" />
            <line number="67" hits="15" branch="True" condition-coverage="50% (1/2)">
              <conditions>
                <condition number="11" type="jump" coverage="50%" />
              </conditions>
            </line>
            <line number="68" hits="15" branch="True" condition-coverage="50% (1/2)">
              <conditions>
                <condition number="33" type="jump" coverage="50%" />
              </conditions>
            </line>
            <line number="69" hits="15" branch="False" />
            <line number="70" hits="15" branch="True" condition-coverage="100% (2/2)">
              <conditions>
                <condition number="62" type="jump" coverage="100%" />
              </conditions>
            </line>
            <line number="71" hits="15" branch="False" />
          </lines>
        </class>
        <class name="Doctor.Core.ScanPipeline/RejectingStreamSource" filename="Doctor.Core/ScanPipeline.cs" line-rate="0" branch-rate="1" complexity="1">
          <methods>
            <method name="OpenRead" signature="(Doctor.Core.FileEntry)" line-rate="0" branch-rate="1" complexity="1">
              <lines>
                <line number="200" hits="0" branch="False" />
              </lines>
            </method>
          </methods>
          <lines>
            <line number="200" hits="0" branch="False" />
          </lines>
        </class>
        <class name="Doctor.Core.SidecarPlaceholderEnumerator" filename="Doctor.Core/SidecarPlaceholderEnumerator.cs" line-rate="0.9" branch-rate="0.8125" complexity="16">
          <methods>
            <method name="Enumerate" signature="(System.String,System.Threading.CancellationToken)" line-rate="1" branch-rate="1" complexity="6">
              <lines>
                <line number="27" hits="13" branch="False" />
                <line number="28" hits="13" branch="False" />
                <line number="30" hits="13" branch="False" />
                <line number="31" hits="105" branch="True" condition-coverage="100% (2/2)">
                  <conditions>
                    <condition number="171" type="jump" coverage="100%" />
                  </conditions>
                </line>
                <line number="32" hits="33" branch="False" />
                <line number="33" hits="33" branch="False" />
                <line number="35" hits="33" branch="True" condition-coverage="100% (2/2)">
                  <conditions>
                    <condition number="86" type="jump" coverage="100%" />
                  </conditions>
                </line>
                <line number="36" hits="6" branch="False" />
                <line number="37" hits="6" branch="False" />
                <line number="40" hits="27" branch="False" />
                <line number="41" hits="27" branch="True" condition-coverage="100% (2/2)">
                  <conditions>
                    <condition number="118" type="jump" coverage="100%" />
                  </conditions>
                </line>
                <line number="42" hits="27" branch="False" />
                <line number="43" hits="27" branch="False" />
                <line number="44" hits="27" branch="False" />
                <line number="47" hits="13" branch="False" />
                <line number="48" hits="13" branch="False" />
                <line number="49" hits="13" branch="False" />
                <line number="50" hits="27" branch="False" />
                <line number="51" hits="13" branch="False" />
                <line number="53" hits="13" branch="False" />
                <line number="54" hits="13" branch="False" />
              </lines>
            </method>
            <method name="KindDoSidecar" signature="(System.String)" line-rate="0.7646999999999999" branch-rate="0.75" complexity="8">
              <lines>
                <line number="60" hits="6" branch="False" />
                <line number="62" hits="6" branch="False" />
                <line number="63" hits="6" branch="False" />
                <line number="64" hits="6" branch="True" condition-coverage="50% (1/2)">
                  <conditions>
                    <condition number="45" type="jump" coverage="50%" />
                  </conditions>
                </line>
                <line number="65" hits="6" branch="False" />
                <line number="66" hits="6" branch="False" />
                <line number="67" hits="6" branch="True" condition-coverage="83.33% (5/6)">
                  <conditions>
                    <condition number="73" type="jump" coverage="100%" />
                    <condition number="86" type="jump" coverage="100%" />
                    <condition number="99" type="jump" coverage="50%" />
                  </conditions>
                </line>
                <line number="68" hits="6" branch="False" />
                <line number="69" hits="3" branch="False" />
                <line number="70" hits="1" branch="False" />
                <line number="71" hits="2" branch="False" />
                <line number="72" hits="0" branch="False" />
                <line number="73" hits="6" branch="False" />
                <line number="75" hits="0" branch="False" />
                <line number="76" hits="0" branch="False" />
                <line number="77" hits="0" branch="False" />
                <line number="79" hits="6" branch="False" />
              </lines>
            </method>
            <method name=".ctor" signature="(Doctor.Core.IFileEnumerator)" line-rate="1" branch-rate="0.5" complexity="2">
              <lines>
                <line number="23" hits="13" branch="False" />
                <line number="24" hits="13" branch="True" condition-coverage="50% (1/2)">
                  <conditions>
                    <condition number="10" type="jump" coverage="50%" />
                  </conditions>
                </line>
              </lines>
            </method>
          </methods>
          <lines>
            <line number="27" hits="13" branch="False" />
            <line number="28" hits="13" branch="False" />
            <line number="30" hits="13" branch="False" />
            <line number="31" hits="105" branch="True" condition-coverage="100% (2/2)">
              <conditions>
                <condition number="171" type="jump" coverage="100%" />
              </conditions>
            </line>
            <line number="32" hits="33" branch="False" />
            <line number="33" hits="33" branch="False" />
            <line number="35" hits="33" branch="True" condition-coverage="100% (2/2)">
              <conditions>
                <condition number="86" type="jump" coverage="100%" />
              </conditions>
            </line>
            <line number="36" hits="6" branch="False" />
            <line number="37" hits="6" branch="False" />
            <line number="40" hits="27" branch="False" />
            <line number="41" hits="27" branch="True" condition-coverage="100% (2/2)">
              <conditions>
                <condition number="118" type="jump" coverage="100%" />
              </conditions>
            </line>
            <line number="42" hits="27" branch="False" />
            <line number="43" hits="27" branch="False" />
            <line number="44" hits="27" branch="False" />
            <line number="47" hits="13" branch="False" />
            <line number="48" hits="13" branch="False" />
            <line number="49" hits="13" branch="False" />
            <line number="50" hits="27" branch="False" />
            <line number="51" hits="13" branch="False" />
            <line number="53" hits="13" branch="False" />
            <line number="54" hits="13" branch="False" />
            <line number="60" hits="6" branch="False" />
            <line number="62" hits="6" branch="False" />
            <line number="63" hits="6" branch="False" />
            <line number="64" hits="6" branch="True" condition-coverage="50% (1/2)">
              <conditions>
                <condition number="45" type="jump" coverage="50%" />
              </conditions>
            </line>
            <line number="65" hits="6" branch="False" />
            <line number="66" hits="6" branch="False" />
            <line number="67" hits="6" branch="True" condition-coverage="83.33% (5/6)">
              <conditions>
                <condition number="73" type="jump" coverage="100%" />
                <condition number="86" type="jump" coverage="100%" />
                <condition number="99" type="jump" coverage="50%" />
              </conditions>
            </line>
            <line number="68" hits="6" branch="False" />
            <line number="69" hits="3" branch="False" />
            <line number="70" hits="1" branch="False" />
            <line number="71" hits="2" branch="False" />
            <line number="72" hits="0" branch="False" />
            <line number="73" hits="6" branch="False" />
            <line number="75" hits="0" branch="False" />
            <line number="76" hits="0" branch="False" />
            <line number="77" hits="0" branch="False" />
            <line number="79" hits="6" branch="False" />
            <line number="23" hits="13" branch="False" />
            <line number="24" hits="13" branch="True" condition-coverage="50% (1/2)">
              <conditions>
                <condition number="10" type="jump" coverage="50%" />
              </conditions>
            </line>
          </lines>
        </class>
        <class name="Doctor.Core.ScanTelemetry" filename="Doctor.Core/Telemetry.cs" line-rate="1" branch-rate="1" complexity="10">
          <methods>
            <method name="get_FilesEnumerated" signature="()" line-rate="1" branch-rate="1" complexity="1">
              <lines>
                <line number="23" hits="153" branch="False" />
              </lines>
            </method>
            <method name="get_FilesSkipped" signature="()" line-rate="1" branch-rate="1" complexity="1">
              <lines>
                <line number="26" hits="59" branch="False" />
              </lines>
            </method>
            <method name="get_FilesPlaceholder" signature="()" line-rate="1" branch-rate="1" complexity="1">
              <lines>
                <line number="29" hits="150" branch="False" />
              </lines>
            </method>
            <method name="get_FilesPartialHashed" signature="()" line-rate="1" branch-rate="1" complexity="1">
              <lines>
                <line number="32" hits="60" branch="False" />
              </lines>
            </method>
            <method name="get_FilesFullHashed" signature="()" line-rate="1" branch-rate="1" complexity="1">
              <lines>
                <line number="35" hits="58" branch="False" />
              </lines>
            </method>
            <method name="get_BytesRead" signature="()" line-rate="1" branch-rate="1" complexity="1">
              <lines>
                <line number="38" hits="17" branch="False" />
              </lines>
            </method>
            <method name="get_BytesReadPartial" signature="()" line-rate="1" branch-rate="1" complexity="1">
              <lines>
                <line number="41" hits="74" branch="False" />
              </lines>
            </method>
            <method name="get_BytesReadFull" signature="()" line-rate="1" branch-rate="1" complexity="1">
              <lines>
                <line number="44" hits="74" branch="False" />
              </lines>
            </method>
            <method name="get_PlaceholderBytesRead" signature="()" line-rate="1" branch-rate="1" complexity="1">
              <lines>
                <line number="47" hits="90" branch="False" />
              </lines>
            </method>
            <method name="Merge" signature="(Doctor.Core.ScanTelemetry)" line-rate="1" branch-rate="1" complexity="1">
              <lines>
                <line number="55" hits="6" branch="False" />
                <line number="56" hits="6" branch="False" />
                <line number="57" hits="6" branch="False" />
                <line number="58" hits="6" branch="False" />
                <line number="59" hits="6" branch="False" />
                <line number="60" hits="6" branch="False" />
                <line number="61" hits="6" branch="False" />
                <line number="62" hits="6" branch="False" />
                <line number="63" hits="6" branch="False" />
                <line number="64" hits="6" branch="False" />
                <line number="65" hits="6" branch="False" />
                <line number="66" hits="6" branch="False" />
                <line number="67" hits="6" branch="False" />
                <line number="68" hits="6" branch="False" />
              </lines>
            </method>
          </methods>
          <lines>
            <line number="23" hits="153" branch="False" />
            <line number="26" hits="59" branch="False" />
            <line number="29" hits="150" branch="False" />
            <line number="32" hits="60" branch="False" />
            <line number="35" hits="58" branch="False" />
            <line number="38" hits="17" branch="False" />
            <line number="41" hits="74" branch="False" />
            <line number="44" hits="74" branch="False" />
            <line number="47" hits="90" branch="False" />
            <line number="55" hits="6" branch="False" />
            <line number="56" hits="6" branch="False" />
            <line number="57" hits="6" branch="False" />
            <line number="58" hits="6" branch="False" />
            <line number="59" hits="6" branch="False" />
            <line number="60" hits="6" branch="False" />
            <line number="61" hits="6" branch="False" />
            <line number="62" hits="6" branch="False" />
            <line number="63" hits="6" branch="False" />
            <line number="64" hits="6" branch="False" />
            <line number="65" hits="6" branch="False" />
            <line number="66" hits="6" branch="False" />
            <line number="67" hits="6" branch="False" />
            <line number="68" hits="6" branch="False" />
          </lines>
        </class>
        <class name="Doctor.Core.WindowsNativeEnumerator" filename="Doctor.Core/WindowsNativeEnumerator.cs" line-rate="0" branch-rate="1" complexity="1">
          <methods>
            <method name="Enumerate" signature="(System.String,System.Threading.CancellationToken)" line-rate="0" branch-rate="1" complexity="1">
              <lines>
                <line number="33" hits="0" branch="False" />
                <line number="34" hits="0" branch="False" />
                <line number="35" hits="0" branch="False" />
              </lines>
            </method>
          </methods>
          <lines>
            <line number="33" hits="0" branch="False" />
            <line number="34" hits="0" branch="False" />
            <line number="35" hits="0" branch="False" />
          </lines>
        </class>
      </classes>
    </package>
  </packages>
</coverage>